2025-11-01 17:05:53.218 - DBeaver 25.1.4.202508031529 is starting
2025-11-01 17:05:53.220 - OS: Windows 11 10.0 (amd64)
2025-11-01 17:05:53.221 - Java version: 21.0.5 by Eclipse Adoptium (64bit)
2025-11-01 17:05:53.221 - Install path: 'C:\1400_web_nhs\devtools\dbeaver'
2025-11-01 17:05:53.221 - Instance path: 'file:/C:/1400_web_nhs/02_database/workspace/'
2025-11-01 17:05:53.223 - Memory available 64Mb/1024Mb
2025-11-01 17:05:53.236 - Create display
2025-11-01 17:05:53.478 - Initialize desktop platform...
2025-11-01 17:05:54.014 - BounceCastle bundle found. Use JCE provider BC
> Start Core File Systems [org.eclipse.core.filesystem 1.11.200.v20250513-1234]
> Start Core Resource Management [org.eclipse.core.resources 3.22.200.v20250513-1234]
> Start Team Support Core [org.eclipse.team.core 3.10.700.v20250313-0656]
> Start DBeaver UI Navigator [org.jkiss.dbeaver.ui.navigator 1.0.160.202508031529]
2025-11-01 17:05:54.754 - Initialize base platform...
2025-11-01 17:05:54.877 - Platform initialized (1398ms)
2025-11-01 17:05:55.377 - Starting instance server at http://localhost:53902
2025-11-01 17:05:55.388 - Run workbench
> Start Eclipse e4 Workbench SWT [org.eclipse.e4.ui.workbench.swt 0.17.800.v20250422-1254]
> Start Eclipse Application Services [org.eclipse.e4.core.services 2.5.200.v20250326-1945]
> Start Eclipse UI Application Services [org.eclipse.e4.ui.services 1.6.500.v20250123-0754]
> Start Eclipse e4 Progress View [org.eclipse.e4.ui.progress 0.4.800.v20250422-1254]
> Start Eclipse Bindings Support [org.eclipse.e4.ui.bindings 0.14.600.v20250331-1050]
> Start Eclipse e4 core commands [org.eclipse.e4.core.commands 1.1.600.v20250307-1331]
> Start EMF XML/XMI Persistence [org.eclipse.emf.ecore.xmi 2.39.0.v20250414-1351]
> Start Eclipse CSS SWT Theme Support [org.eclipse.e4.ui.css.swt.theme 0.14.500.v20250213-1508]
> Start Eclipse e4 Workbench Add-ons [org.eclipse.e4.ui.workbench.addons.swt 1.5.700.v20250422-1254]
> Start Eclipse e4 Workbench SWT Renderer [org.eclipse.e4.ui.workbench.renderers.swt 0.16.800.v20250519-1609]
> Start Eclipse Dependency Injection Extensions [org.eclipse.e4.core.di.extensions 0.18.300.v20240413-1529]
> Start Eclipse CSS SWT Support [org.eclipse.e4.ui.css.swt 0.15.600.v20250409-1135]
> Start Default Text Editor [org.eclipse.ui.editors 3.20.0.v20250514-1719]
> Start Text Editor Framework [org.eclipse.ui.workbench.texteditor 3.19.200.v20250514-1719]
2025-11-01 17:05:59.706 - Configure workbench window
> Start DBeaver SQL Model [org.jkiss.dbeaver.model.sql 1.0.150.202508031529]
2025-11-01 17:06:00.443 - Total database drivers: 124 (124)
> Start Help System Core [org.eclipse.help 3.10.500.v20250423-1201]
2025-11-01 17:06:00.853 - Create actions
2025-11-01 17:06:00.877 - Disable Eclipse action set 'org.eclipse.ui.edit.text.actionSet.annotationNavigation'
2025-11-01 17:06:00.881 - Disable Eclipse action set 'org.eclipse.ui.WorkingSetActionSet'
2025-11-01 17:06:00.884 - Disable Eclipse action set 'org.eclipse.ui.actionSet.openFiles'
2025-11-01 17:06:00.886 - Create workbench actions
2025-11-01 17:06:02.763 - Initialize workbench window
2025-11-01 17:06:02.785 - Finish initialization
> Start DBeaver UI Editors - Data [org.jkiss.dbeaver.ui.editors.data 1.0.160.202508031529]
> Start DBeaver UI Editors - SQL [org.jkiss.dbeaver.ui.editors.sql 1.0.160.202508031529]
> Start DBeaver SQL Terminal [org.jkiss.dbeaver.ui.editors.sql.terminal 1.0.136.202508031529]
> Start DBeaver AI Model [org.jkiss.dbeaver.model.ai 2.0.3.202508031529]
> Start DBeaver AI UI [org.jkiss.dbeaver.ui.ai 1.0.62.202508031529]
> Start Core Compare Support [org.eclipse.compare.core 3.8.700.v20250120-0641]
> Start Equinox Java Authentication and Authorization Service (JAAS) [org.eclipse.equinox.security 1.4.600.v20250521-0413]
> Start Internet Connection Management UI [org.eclipse.ui.net 1.5.400.v20240413-1529]
> Start Internet Connection Management [org.eclipse.core.net 1.5.700.v20250313-0656]
> Start DBeaver Sample Database [org.jkiss.dbeaver.ui.config.sample 1.0.197.202508031529]
> Start GEF Classic Draw2d [org.eclipse.draw2d 3.20.0.202505280821]
> Start GEF Classic GEF (MVC) [org.eclipse.gef 3.22.0.202505280821]
> Start DBeaver ERD UI [org.jkiss.dbeaver.ui.editors.erd 3.1.1.202508031529]
> Start DBeaver ERD Model [org.jkiss.dbeaver.model.erd 1.1.1.202508031529]
> Start DBeaver Dashboard UI [org.jkiss.dbeaver.ui.dashboard 1.0.157.202508031529]
> Start Console [org.eclipse.ui.console 3.14.300.v20250509-1251]
> Start Debug Core [org.eclipse.debug.core 3.23.0.v20250509-1924]
> Start DBeaver SQL Language Semantic Model [org.jkiss.dbeaver.model.lsm 1.0.55.202508031529]
2025-11-01 17:06:37.202 - Dispose navigator model
2025-11-01 17:06:37.465 - DBeaver is stopping
2025-11-01 17:06:37.469 - Stop instance server
2025-11-01 17:06:38.481 - DBeaver shutdown completed
