2025-10-18 17:03:03.213 - DBeaver 25.1.4.202508031529 is starting
2025-10-18 17:03:03.215 - OS: Windows 11 10.0 (amd64)
2025-10-18 17:03:03.215 - Java version: 21.0.5 by Eclipse Adoptium (64bit)
2025-10-18 17:03:03.215 - Install path: 'C:\1400_web_nhs\dbeaver'
2025-10-18 17:03:03.215 - Instance path: 'file:/C:/1400_web_nhs/02_database/workspace/'
2025-10-18 17:03:03.218 - Memory available 64Mb/1024Mb
2025-10-18 17:03:03.230 - Create display
2025-10-18 17:03:03.372 - Initialize desktop platform...
2025-10-18 17:03:03.568 - BounceCastle bundle found. Use JCE provider BC
> Start Core File Systems [org.eclipse.core.filesystem 1.11.200.v20250513-1234]
> Start Core Resource Management [org.eclipse.core.resources 3.22.200.v20250513-1234]
> Start Team Support Core [org.eclipse.team.core 3.10.700.v20250313-0656]
> Start DBeaver UI Navigator [org.jkiss.dbeaver.ui.navigator 1.0.160.202508031529]
2025-10-18 17:03:03.779 - Initialize base platform...
2025-10-18 17:03:03.803 - Platform initialized (431ms)
2025-10-18 17:03:04.009 - Starting instance server at http://localhost:53489
2025-10-18 17:03:04.016 - Run workbench
> Start Eclipse e4 Workbench SWT [org.eclipse.e4.ui.workbench.swt 0.17.800.v20250422-1254]
> Start Eclipse Application Services [org.eclipse.e4.core.services 2.5.200.v20250326-1945]
> Start Eclipse UI Application Services [org.eclipse.e4.ui.services 1.6.500.v20250123-0754]
> Start Eclipse e4 Progress View [org.eclipse.e4.ui.progress 0.4.800.v20250422-1254]
> Start Eclipse Bindings Support [org.eclipse.e4.ui.bindings 0.14.600.v20250331-1050]
> Start Eclipse e4 core commands [org.eclipse.e4.core.commands 1.1.600.v20250307-1331]
> Start EMF XML/XMI Persistence [org.eclipse.emf.ecore.xmi 2.39.0.v20250414-1351]
> Start Eclipse CSS SWT Theme Support [org.eclipse.e4.ui.css.swt.theme 0.14.500.v20250213-1508]
> Start Eclipse e4 Workbench Add-ons [org.eclipse.e4.ui.workbench.addons.swt 1.5.700.v20250422-1254]
> Start Eclipse e4 Workbench SWT Renderer [org.eclipse.e4.ui.workbench.renderers.swt 0.16.800.v20250519-1609]
> Start Eclipse Dependency Injection Extensions [org.eclipse.e4.core.di.extensions 0.18.300.v20240413-1529]
> Start Eclipse CSS SWT Support [org.eclipse.e4.ui.css.swt 0.15.600.v20250409-1135]
> Start Default Text Editor [org.eclipse.ui.editors 3.20.0.v20250514-1719]
> Start Text Editor Framework [org.eclipse.ui.workbench.texteditor 3.19.200.v20250514-1719]
2025-10-18 17:03:06.432 - Configure workbench window
> Start DBeaver SQL Model [org.jkiss.dbeaver.model.sql 1.0.150.202508031529]
2025-10-18 17:03:06.777 - Total database drivers: 124 (124)
> Start Help System Core [org.eclipse.help 3.10.500.v20250423-1201]
2025-10-18 17:03:06.891 - Create actions
2025-10-18 17:03:06.907 - Disable Eclipse action set 'org.eclipse.ui.edit.text.actionSet.annotationNavigation'
2025-10-18 17:03:06.908 - Disable Eclipse action set 'org.eclipse.ui.WorkingSetActionSet'
2025-10-18 17:03:06.909 - Disable Eclipse action set 'org.eclipse.ui.actionSet.openFiles'
2025-10-18 17:03:06.909 - Create workbench actions
2025-10-18 17:03:07.843 - Initialize workbench window
2025-10-18 17:03:07.852 - Finish initialization
> Start DBeaver UI Editors - Data [org.jkiss.dbeaver.ui.editors.data 1.0.160.202508031529]
> Start DBeaver UI Editors - SQL [org.jkiss.dbeaver.ui.editors.sql 1.0.160.202508031529]
> Start DBeaver SQL Terminal [org.jkiss.dbeaver.ui.editors.sql.terminal 1.0.136.202508031529]
> Start DBeaver AI Model [org.jkiss.dbeaver.model.ai 2.0.3.202508031529]
> Start DBeaver AI UI [org.jkiss.dbeaver.ui.ai 1.0.62.202508031529]
> Start Core Compare Support [org.eclipse.compare.core 3.8.700.v20250120-0641]
> Start Equinox Java Authentication and Authorization Service (JAAS) [org.eclipse.equinox.security 1.4.600.v20250521-0413]
> Start Internet Connection Management UI [org.eclipse.ui.net 1.5.400.v20240413-1529]
> Start Internet Connection Management [org.eclipse.core.net 1.5.700.v20250313-0656]
> Start DBeaver Sample Database [org.jkiss.dbeaver.ui.config.sample 1.0.197.202508031529]
> Start GEF Classic Draw2d [org.eclipse.draw2d 3.20.0.202505280821]
> Start GEF Classic GEF (MVC) [org.eclipse.gef 3.22.0.202505280821]
> Start DBeaver ERD UI [org.jkiss.dbeaver.ui.editors.erd 3.1.1.202508031529]
> Start DBeaver ERD Model [org.jkiss.dbeaver.model.erd 1.1.1.202508031529]
> Start DBeaver Dashboard UI [org.jkiss.dbeaver.ui.dashboard 1.0.157.202508031529]
> Start DBeaver JDBC Model [org.jkiss.dbeaver.model.jdbc 1.0.53.202508031529]
> Start DBeaver Oracle Model [org.jkiss.dbeaver.ext.oracle 2.1.245.202508031529]
2025-10-18 17:03:11.683 - Restore default sash weights
> Start Console [org.eclipse.ui.console 3.14.300.v20250509-1251]
> Start Debug Core [org.eclipse.debug.core 3.23.0.v20250509-1924]
> Start DBeaver SQL Language Semantic Model [org.jkiss.dbeaver.model.lsm 1.0.55.202508031529]
> Start DBeaver Tasks - Native Tools UI [org.jkiss.dbeaver.tasks.native.ui 1.0.138.202508031529]
> Start DBeaver Oracle UI [org.jkiss.dbeaver.ext.oracle.ui 1.0.147.202508031529]
> Start DBeaver Tasks - General UI [org.jkiss.dbeaver.tasks.ui 1.0.138.202508031529]
2025-10-18 17:03:12.966 - Connect with 'XE' (oracle_thin-199f51d117b-1706c5a31197e328)
2025-10-18 17:03:12.996 - Execution context opened (XE; Main; 0)
2025-10-18 17:03:14.241 - Execution context opened (XE; Metadata; 1)
2025-10-18 17:03:14.428 - Connected (oracle_thin-199f51d117b-1706c5a31197e328, Oracle JDBC driver [23.2.0.0.0])
2025-10-18 17:03:14.496 - Execution context opened (XE; SQLEditor <Script-1.sql>; 2)
> Start DBeaver GIS Support [org.jkiss.dbeaver.data.gis 1.0.184.202508031529]
2025-10-18 17:03:28.191 - Execution context closed (XE, 2)
2025-10-18 17:03:28.737 - Dispose navigator model
2025-10-18 17:03:28.868 - DBeaver is stopping
2025-10-18 17:03:28.870 - Stop instance server
2025-10-18 17:03:29.879 - Instance server has been stopped
2025-10-18 17:03:29.879 - DBeaver shutdown completed
