2025-10-18 20:45:52.065 - DBeaver 25.1.4.202508031529 is starting
2025-10-18 20:45:52.068 - OS: Windows 11 10.0 (amd64)
2025-10-18 20:45:52.068 - Java version: 21.0.5 by Eclipse Adoptium (64bit)
2025-10-18 20:45:52.069 - Install path: 'C:\1400_web_nhs\dbeaver'
2025-10-18 20:45:52.070 - Instance path: 'file:/C:/1400_web_nhs/02_database/workspace/'
2025-10-18 20:45:52.075 - Memory available 64Mb/1024Mb
2025-10-18 20:45:52.101 - Create display
2025-10-18 20:45:52.433 - Initialize desktop platform...
2025-10-18 20:45:52.851 - BounceCastle bundle found. Use JCE provider BC
> Start Core File Systems [org.eclipse.core.filesystem 1.11.200.v20250513-1234]
> Start Core Resource Management [org.eclipse.core.resources 3.22.200.v20250513-1234]
> Start Team Support Core [org.eclipse.team.core 3.10.700.v20250313-0656]
> Start DBeaver UI Navigator [org.jkiss.dbeaver.ui.navigator 1.0.160.202508031529]
2025-10-18 20:45:53.466 - Initialize base platform...
2025-10-18 20:45:53.542 - Platform initialized (1109ms)
2025-10-18 20:45:54.203 - Starting instance server at http://localhost:56784
2025-10-18 20:45:54.224 - Run workbench
> Start Eclipse e4 Workbench SWT [org.eclipse.e4.ui.workbench.swt 0.17.800.v20250422-1254]
> Start Eclipse Application Services [org.eclipse.e4.core.services 2.5.200.v20250326-1945]
> Start Eclipse UI Application Services [org.eclipse.e4.ui.services 1.6.500.v20250123-0754]
> Start Eclipse e4 Progress View [org.eclipse.e4.ui.progress 0.4.800.v20250422-1254]
> Start Eclipse Bindings Support [org.eclipse.e4.ui.bindings 0.14.600.v20250331-1050]
> Start Eclipse e4 core commands [org.eclipse.e4.core.commands 1.1.600.v20250307-1331]
> Start EMF XML/XMI Persistence [org.eclipse.emf.ecore.xmi 2.39.0.v20250414-1351]
> Start Eclipse CSS SWT Theme Support [org.eclipse.e4.ui.css.swt.theme 0.14.500.v20250213-1508]
> Start Eclipse e4 Workbench Add-ons [org.eclipse.e4.ui.workbench.addons.swt 1.5.700.v20250422-1254]
> Start Eclipse e4 Workbench SWT Renderer [org.eclipse.e4.ui.workbench.renderers.swt 0.16.800.v20250519-1609]
> Start Eclipse Dependency Injection Extensions [org.eclipse.e4.core.di.extensions 0.18.300.v20240413-1529]
> Start Eclipse CSS SWT Support [org.eclipse.e4.ui.css.swt 0.15.600.v20250409-1135]
> Start Default Text Editor [org.eclipse.ui.editors 3.20.0.v20250514-1719]
> Start Text Editor Framework [org.eclipse.ui.workbench.texteditor 3.19.200.v20250514-1719]
2025-10-18 20:45:59.835 - Configure workbench window
> Start DBeaver SQL Model [org.jkiss.dbeaver.model.sql 1.0.150.202508031529]
2025-10-18 20:46:00.553 - Total database drivers: 124 (124)
> Start Help System Core [org.eclipse.help 3.10.500.v20250423-1201]
2025-10-18 20:46:00.731 - Create actions
2025-10-18 20:46:00.758 - Disable Eclipse action set 'org.eclipse.ui.edit.text.actionSet.annotationNavigation'
2025-10-18 20:46:00.759 - Disable Eclipse action set 'org.eclipse.ui.WorkingSetActionSet'
2025-10-18 20:46:00.760 - Disable Eclipse action set 'org.eclipse.ui.actionSet.openFiles'
2025-10-18 20:46:00.761 - Create workbench actions
2025-10-18 20:46:02.232 - Initialize workbench window
2025-10-18 20:46:02.265 - Finish initialization
> Start DBeaver UI Editors - Data [org.jkiss.dbeaver.ui.editors.data 1.0.160.202508031529]
> Start DBeaver UI Editors - SQL [org.jkiss.dbeaver.ui.editors.sql 1.0.160.202508031529]
> Start DBeaver SQL Terminal [org.jkiss.dbeaver.ui.editors.sql.terminal 1.0.136.202508031529]
> Start DBeaver AI Model [org.jkiss.dbeaver.model.ai 2.0.3.202508031529]
> Start DBeaver AI UI [org.jkiss.dbeaver.ui.ai 1.0.62.202508031529]
> Start Core Compare Support [org.eclipse.compare.core 3.8.700.v20250120-0641]
> Start Equinox Java Authentication and Authorization Service (JAAS) [org.eclipse.equinox.security 1.4.600.v20250521-0413]
> Start Internet Connection Management UI [org.eclipse.ui.net 1.5.400.v20240413-1529]
> Start Internet Connection Management [org.eclipse.core.net 1.5.700.v20250313-0656]
> Start DBeaver Sample Database [org.jkiss.dbeaver.ui.config.sample 1.0.197.202508031529]
> Start GEF Classic Draw2d [org.eclipse.draw2d 3.20.0.202505280821]
> Start GEF Classic GEF (MVC) [org.eclipse.gef 3.22.0.202505280821]
> Start DBeaver ERD UI [org.jkiss.dbeaver.ui.editors.erd 3.1.1.202508031529]
> Start DBeaver ERD Model [org.jkiss.dbeaver.model.erd 1.1.1.202508031529]
> Start DBeaver Dashboard UI [org.jkiss.dbeaver.ui.dashboard 1.0.157.202508031529]
> Start DBeaver JDBC Model [org.jkiss.dbeaver.model.jdbc 1.0.53.202508031529]
> Start DBeaver Oracle Model [org.jkiss.dbeaver.ext.oracle 2.1.245.202508031529]
> Start Console [org.eclipse.ui.console 3.14.300.v20250509-1251]
> Start Debug Core [org.eclipse.debug.core 3.23.0.v20250509-1924]
> Start DBeaver SQL Language Semantic Model [org.jkiss.dbeaver.model.lsm 1.0.55.202508031529]
2025-10-18 20:46:14.724 - Connect with 'XE' (oracle_thin-199f51d117b-1706c5a31197e328)
2025-10-18 20:46:14.799 - Execution context opened (XE; Main; 0)
2025-10-18 20:46:17.335 - Execution context opened (XE; Metadata; 1)
2025-10-18 20:46:17.684 - Connected (oracle_thin-199f51d117b-1706c5a31197e328, Oracle JDBC driver [23.2.0.0.0])
2025-10-18 20:46:17.810 - Execution context opened (XE; SQLEditor <Script-1.sql>; 2)
> Start DBeaver GIS Support [org.jkiss.dbeaver.data.gis 1.0.184.202508031529]
> Start DBeaver Tasks - Native Tools UI [org.jkiss.dbeaver.tasks.native.ui 1.0.138.202508031529]
> Start DBeaver Oracle UI [org.jkiss.dbeaver.ext.oracle.ui 1.0.147.202508031529]
> Start DBeaver Tasks - General UI [org.jkiss.dbeaver.tasks.ui 1.0.138.202508031529]
2025-10-18 22:23:51.953 - Datasource oracle_thin-19993d9eec4-741bdf2ecd16361c not found in project General (/General/Scripts/Script.sql)
2025-10-18 22:23:55.809 - Datasource oracle_thin-19993d9eec4-741bdf2ecd16361c not found in project General (/General/Scripts/Script.sql)
2025-10-18 22:23:55.814 - Datasource oracle_thin-19993d9eec4-741bdf2ecd16361c not found in project General (/General/Scripts/Script.sql)
2025-10-18 22:23:55.815 - Datasource oracle_thin-19993d9eec4-741bdf2ecd16361c not found in project General (/General/Scripts/Script.sql)
2025-10-18 22:23:56.628 - Datasource oracle_thin-19993d9eec4-741bdf2ecd16361c not found in project General (/General/Scripts/Script.sql)
2025-10-18 22:23:56.642 - Datasource oracle_thin-19993d9eec4-741bdf2ecd16361c not found in project General (/General/Scripts/Script.sql)
2025-10-18 22:23:56.993 - Datasource oracle_thin-19993d9eec4-741bdf2ecd16361c not found in project General (/General/Scripts/Script.sql)
2025-10-18 22:23:57.001 - Datasource oracle_thin-19993d9eec4-741bdf2ecd16361c not found in project General (/General/Scripts/Script.sql)
2025-10-18 22:23:57.036 - Datasource oracle_thin-19993d9eec4-741bdf2ecd16361c not found in project General (/General/Scripts/Script.sql)
2025-10-18 22:23:57.100 - Datasource oracle_thin-19993d9eec4-741bdf2ecd16361c not found in project General (/General/Scripts/Script.sql)
2025-10-18 22:23:57.726 - Datasource oracle_thin-19993d9eec4-741bdf2ecd16361c not found in project General (/General/Scripts/Script.sql)
2025-10-18 22:23:58.319 - Datasource oracle_thin-19993d9eec4-741bdf2ecd16361c not found in project General (/General/Scripts/Script.sql)
2025-10-18 22:23:58.327 - Datasource oracle_thin-19993d9eec4-741bdf2ecd16361c not found in project General (/General/Scripts/Script.sql)
2025-10-18 22:23:58.328 - Datasource oracle_thin-19993d9eec4-741bdf2ecd16361c not found in project General (/General/Scripts/Script.sql)
2025-10-18 22:23:58.334 - Datasource oracle_thin-19993d9eec4-741bdf2ecd16361c not found in project General (/General/Scripts/Script.sql)
2025-10-18 22:23:58.335 - Datasource oracle_thin-19993d9eec4-741bdf2ecd16361c not found in project General (/General/Scripts/Script.sql)
2025-10-18 22:23:58.340 - Datasource oracle_thin-19993d9eec4-741bdf2ecd16361c not found in project General (/General/Scripts/Script.sql)
2025-10-18 22:23:58.341 - Datasource oracle_thin-19993d9eec4-741bdf2ecd16361c not found in project General (/General/Scripts/Script.sql)
2025-10-18 22:23:58.349 - Datasource oracle_thin-19993d9eec4-741bdf2ecd16361c not found in project General (/General/Scripts/Script.sql)
2025-10-18 22:23:58.350 - Datasource oracle_thin-19993d9eec4-741bdf2ecd16361c not found in project General (/General/Scripts/Script.sql)
2025-10-18 22:23:58.361 - Datasource oracle_thin-19993d9eec4-741bdf2ecd16361c not found in project General (/General/Scripts/Script.sql)
2025-10-18 22:23:58.361 - Datasource oracle_thin-19993d9eec4-741bdf2ecd16361c not found in project General (/General/Scripts/Script.sql)
2025-10-18 22:23:58.367 - Datasource oracle_thin-19993d9eec4-741bdf2ecd16361c not found in project General (/General/Scripts/Script.sql)
2025-10-18 22:24:11.404 - Datasource oracle_thin-19993d9eec4-741bdf2ecd16361c not found in project General (/General/Scripts/Script.sql)
2025-10-18 22:24:11.470 - Datasource oracle_thin-19993d9eec4-741bdf2ecd16361c not found in project General (/General/Scripts/Script.sql)
2025-10-18 22:24:11.651 - Datasource oracle_thin-19993d9eec4-741bdf2ecd16361c not found in project General (/General/Scripts/Script.sql)
2025-10-18 22:24:11.764 - Datasource oracle_thin-19993d9eec4-741bdf2ecd16361c not found in project General (/General/Scripts/Script.sql)
2025-10-18 22:24:11.917 - Datasource oracle_thin-19993d9eec4-741bdf2ecd16361c not found in project General (/General/Scripts/Script.sql)
2025-10-18 22:24:11.931 - Datasource oracle_thin-19993d9eec4-741bdf2ecd16361c not found in project General (/General/Scripts/Script.sql)
2025-10-18 22:24:12.116 - Datasource oracle_thin-19993d9eec4-741bdf2ecd16361c not found in project General (/General/Scripts/Script.sql)
2025-10-18 22:24:12.174 - Datasource oracle_thin-19993d9eec4-741bdf2ecd16361c not found in project General (/General/Scripts/Script.sql)
2025-10-18 22:24:12.213 - Datasource oracle_thin-19993d9eec4-741bdf2ecd16361c not found in project General (/General/Scripts/Script.sql)
2025-10-18 22:24:12.241 - Datasource oracle_thin-19993d9eec4-741bdf2ecd16361c not found in project General (/General/Scripts/Script.sql)
2025-10-18 22:24:13.090 - Datasource oracle_thin-19993d9eec4-741bdf2ecd16361c not found in project General (/General/Scripts/Script.sql)
2025-10-18 22:24:13.154 - Datasource oracle_thin-19993d9eec4-741bdf2ecd16361c not found in project General (/General/Scripts/Script.sql)
2025-10-18 22:24:13.260 - Datasource oracle_thin-19993d9eec4-741bdf2ecd16361c not found in project General (/General/Scripts/Script.sql)
2025-10-18 22:24:13.332 - Datasource oracle_thin-19993d9eec4-741bdf2ecd16361c not found in project General (/General/Scripts/Script.sql)
2025-10-18 22:24:14.007 - Datasource oracle_thin-19993d9eec4-741bdf2ecd16361c not found in project General (/General/Scripts/Script.sql)
2025-10-18 22:24:14.483 - Datasource oracle_thin-19993d9eec4-741bdf2ecd16361c not found in project General (/General/Scripts/Script.sql)
2025-10-18 22:24:17.867 - Datasource oracle_thin-19993d9eec4-741bdf2ecd16361c not found in project General (/General/Scripts/Script.sql)
2025-10-18 22:24:22.851 - Datasource oracle_thin-19993d9eec4-741bdf2ecd16361c not found in project General (/General/Scripts/Script.sql)
2025-10-18 22:24:22.853 - Datasource oracle_thin-19993d9eec4-741bdf2ecd16361c not found in project General (/General/Scripts/Script.sql)
2025-10-18 22:24:22.869 - Datasource oracle_thin-19993d9eec4-741bdf2ecd16361c not found in project General (/General/Scripts/Script.sql)
2025-10-18 22:24:22.935 - Datasource oracle_thin-19993d9eec4-741bdf2ecd16361c not found in project General (/General/Scripts/Script.sql)
2025-10-18 22:24:22.935 - Datasource oracle_thin-19993d9eec4-741bdf2ecd16361c not found in project General (/General/Scripts/Script.sql)
2025-10-18 22:24:22.936 - Datasource oracle_thin-19993d9eec4-741bdf2ecd16361c not found in project General (/General/Scripts/Script.sql)
2025-10-18 22:24:22.937 - Datasource oracle_thin-19993d9eec4-741bdf2ecd16361c not found in project General (/General/Scripts/Script.sql)
2025-10-18 22:24:33.565 - Datasource oracle_thin-19993d9eec4-741bdf2ecd16361c not found in project General (/General/Scripts/Script.sql)
2025-10-18 22:24:33.633 - Datasource oracle_thin-19993d9eec4-741bdf2ecd16361c not found in project General (/General/Scripts/Script.sql)
2025-10-18 22:24:33.640 - Datasource oracle_thin-19993d9eec4-741bdf2ecd16361c not found in project General (/General/Scripts/Script.sql)
2025-10-18 22:25:29.125 - Datasource oracle_thin-19993d9eec4-741bdf2ecd16361c not found in project General (/General/Scripts/Script.sql)
2025-10-18 22:25:29.133 - Datasource oracle_thin-19993d9eec4-741bdf2ecd16361c not found in project General (/General/Scripts/Script.sql)
2025-10-18 22:25:34.086 - Execution context opened (XE; SQLEditor <Script-1.sql>; 3)
2025-10-18 22:25:54.175 - Error applying completion proposal
org.eclipse.jface.text.BadLocationException
	at org.eclipse.jface.text.AbstractDocument.replace(AbstractDocument.java:1079)
	at org.eclipse.core.internal.filebuffers.SynchronizableDocument.replace(SynchronizableDocument.java:271)
	at org.eclipse.jface.text.AbstractDocument.replace(AbstractDocument.java:1109)
	at org.eclipse.core.internal.filebuffers.SynchronizableDocument.replace(SynchronizableDocument.java:259)
	at org.jkiss.dbeaver.ui.editors.sql.semantics.SQLEditorQueryCompletionProposal.apply(SQLEditorQueryCompletionProposal.java:144)
	at org.eclipse.jface.text.contentassist.CompletionProposalPopup.insertProposal(CompletionProposalPopup.java:999)
	at org.eclipse.jface.text.contentassist.CompletionProposalPopup.lambda$0(CompletionProposalPopup.java:514)
	at org.eclipse.swt.custom.BusyIndicator.showWhile(BusyIndicator.java:67)
	at org.eclipse.jface.text.contentassist.CompletionProposalPopup.showProposals(CompletionProposalPopup.java:502)
	at org.eclipse.jface.text.contentassist.ContentAssistant.showPossibleCompletions(ContentAssistant.java:1874)
	at org.jkiss.dbeaver.ui.editors.sql.syntax.SQLContentAssistant.lambda$0(SQLContentAssistant.java:50)
	at org.eclipse.swt.widgets.RunnableLock.run(RunnableLock.java:40)
	at org.eclipse.swt.widgets.Synchronizer.runAsyncMessages(Synchronizer.java:132)
	at org.eclipse.swt.widgets.Display.runAsyncMessages(Display.java:4111)
	at org.eclipse.swt.widgets.Display.readAndDispatch(Display.java:3727)
	at org.eclipse.e4.ui.internal.workbench.swt.PartRenderingEngine$5.run(PartRenderingEngine.java:1151)
	at org.eclipse.core.databinding.observable.Realm.runWithDefault(Realm.java:339)
	at org.eclipse.e4.ui.internal.workbench.swt.PartRenderingEngine.run(PartRenderingEngine.java:1042)
	at org.eclipse.e4.ui.internal.workbench.E4Workbench.createAndRunUI(E4Workbench.java:153)
	at org.eclipse.ui.internal.Workbench.lambda$3(Workbench.java:678)
	at org.eclipse.core.databinding.observable.Realm.runWithDefault(Realm.java:339)
	at org.eclipse.ui.internal.Workbench.createAndRunWorkbench(Workbench.java:583)
	at org.eclipse.ui.PlatformUI.createAndRunWorkbench(PlatformUI.java:173)
	at org.jkiss.dbeaver.ui.app.standalone.DBeaverApplication.start(DBeaverApplication.java:315)
	at org.eclipse.equinox.internal.app.EclipseAppHandle.run(EclipseAppHandle.java:219)
	at org.eclipse.core.runtime.internal.adaptor.EclipseAppLauncher.runApplication(EclipseAppLauncher.java:149)
	at org.eclipse.core.runtime.internal.adaptor.EclipseAppLauncher.start(EclipseAppLauncher.java:115)
	at org.eclipse.core.runtime.adaptor.EclipseStarter.run(EclipseStarter.java:467)
	at org.eclipse.core.runtime.adaptor.EclipseStarter.run(EclipseStarter.java:298)
	at java.base/jdk.internal.reflect.DirectMethodHandleAccessor.invoke(Unknown Source)
	at java.base/java.lang.reflect.Method.invoke(Unknown Source)
	at org.jkiss.dbeaver.launcher.DBeaverLauncher.invokeFramework(DBeaverLauncher.java:869)
	at org.jkiss.dbeaver.launcher.DBeaverLauncher.basicRun(DBeaverLauncher.java:660)
	at org.jkiss.dbeaver.launcher.DBeaverLauncher.run(DBeaverLauncher.java:1650)
2025-10-18 22:26:38.728 - Datasource oracle_thin-19993d9eec4-741bdf2ecd16361c not found in project General (/General/Scripts/Script.sql)
2025-10-18 22:28:55.327 - Datasource oracle_thin-19993d9eec4-741bdf2ecd16361c not found in project General (/General/Scripts/Script.sql)
2025-10-18 22:28:55.367 - Datasource oracle_thin-19993d9eec4-741bdf2ecd16361c not found in project General (/General/Scripts/Script.sql)
2025-10-18 22:28:55.930 - Datasource oracle_thin-19993d9eec4-741bdf2ecd16361c not found in project General (/General/Scripts/Script.sql)
2025-10-18 22:28:55.971 - Datasource oracle_thin-19993d9eec4-741bdf2ecd16361c not found in project General (/General/Scripts/Script.sql)
2025-10-18 22:33:01.898 - Datasource oracle_thin-19993d9eec4-741bdf2ecd16361c not found in project General (/General/Scripts/Script.sql)
2025-10-18 22:33:01.941 - Datasource oracle_thin-19993d9eec4-741bdf2ecd16361c not found in project General (/General/Scripts/Script.sql)
2025-10-18 22:33:02.838 - Datasource oracle_thin-19993d9eec4-741bdf2ecd16361c not found in project General (/General/Scripts/Script.sql)
2025-10-18 22:33:02.922 - Datasource oracle_thin-19993d9eec4-741bdf2ecd16361c not found in project General (/General/Scripts/Script.sql)
2025-10-18 22:33:02.982 - Datasource oracle_thin-19993d9eec4-741bdf2ecd16361c not found in project General (/General/Scripts/Script.sql)
2025-10-18 22:33:03.044 - Datasource oracle_thin-19993d9eec4-741bdf2ecd16361c not found in project General (/General/Scripts/Script.sql)
2025-10-18 22:33:03.719 - Datasource oracle_thin-19993d9eec4-741bdf2ecd16361c not found in project General (/General/Scripts/Script.sql)
2025-10-18 22:33:03.775 - Datasource oracle_thin-19993d9eec4-741bdf2ecd16361c not found in project General (/General/Scripts/Script.sql)
2025-10-18 22:34:14.063 - Datasource oracle_thin-19993d9eec4-741bdf2ecd16361c not found in project General (/General/Scripts/Script.sql)
2025-10-18 22:35:13.965 - Datasource oracle_thin-19993d9eec4-741bdf2ecd16361c not found in project General (/General/Scripts/Script.sql)
2025-10-18 22:35:13.993 - Datasource oracle_thin-19993d9eec4-741bdf2ecd16361c not found in project General (/General/Scripts/Script.sql)
2025-10-18 22:35:13.994 - Datasource oracle_thin-19993d9eec4-741bdf2ecd16361c not found in project General (/General/Scripts/Script.sql)
2025-10-18 22:35:20.476 - Some data source listeners are still registered: org.jkiss.dbeaver.model.navigator.DBNProjectDatabases:node://General/datasources,org.jkiss.dbeaver.ui.editors.sql.SQLEditor:org.jkiss.dbeaver.ui.editors.sql.SQLEditor@5096be74,org.jkiss.dbeaver.ui.controls.resultset.ResultSetViewer:org.jkiss.dbeaver.ui.controls.resultset.ResultSetViewer@6b7db030,org.jkiss.dbeaver.ui.controls.resultset.ResultSetViewer:org.jkiss.dbeaver.ui.controls.resultset.ResultSetViewer@147b63a1,org.jkiss.dbeaver.ui.editors.sql.SQLEditor:org.jkiss.dbeaver.ui.editors.sql.SQLEditor@54c9320c
2025-10-18 22:35:20.547 - Execution context closed (XE, 0)
2025-10-18 22:35:20.560 - Execution context closed (XE, 1)
2025-10-18 22:35:20.571 - Execution context closed (XE, 2)
2025-10-18 22:35:20.583 - Execution context closed (XE, 3)
2025-10-18 22:35:20.583 - Disconnected (oracle_thin-199f51d117b-1706c5a31197e328)
2025-10-18 22:35:21.171 - Can't connect - connect/disconnect is in progress
2025-10-18 22:35:21.171 - Connect with 'XE' (oracle_thin-199f51d117b-1706c5a31197e328)
2025-10-18 22:35:21.173 - Execution context opened (XE; Main; 4)
2025-10-18 22:35:21.321 - SWT resource leak detected
java.lang.Error: SWT Resource was not properly disposed
	at org.eclipse.swt.graphics.Resource.initNonDisposeTracking(Resource.java:191)
	at org.eclipse.swt.graphics.Resource.<init>(Resource.java:124)
	at org.eclipse.swt.graphics.Image.<init>(Image.java:229)
	at org.jkiss.dbeaver.ui.editors.sql.SQLEditor.doSetInput(SQLEditor.java:2432)
	at org.eclipse.ui.texteditor.AbstractTextEditor.setInputWithNotify(AbstractTextEditor.java:4249)
	at org.eclipse.ui.texteditor.AbstractTextEditor.setInput(AbstractTextEditor.java:4269)
	at org.eclipse.ui.texteditor.AbstractTextEditor$ElementStateListener$1.run(AbstractTextEditor.java:537)
	at org.eclipse.ui.texteditor.AbstractTextEditor$ElementStateListener.execute(AbstractTextEditor.java:598)
	at org.eclipse.ui.texteditor.AbstractTextEditor$ElementStateListener.elementMoved(AbstractTextEditor.java:565)
	at org.eclipse.ui.editors.text.TextFileDocumentProvider$FileBufferListener.underlyingFileMoved(TextFileDocumentProvider.java:335)
	at org.eclipse.core.internal.filebuffers.TextFileBufferManager$6.run(TextFileBufferManager.java:710)
	at org.eclipse.core.runtime.SafeRunner.run(SafeRunner.java:47)
	at org.eclipse.core.internal.filebuffers.TextFileBufferManager.fireUnderlyingFileMoved(TextFileBufferManager.java:707)
	at org.eclipse.core.internal.filebuffers.ResourceFileBuffer.handleFileMoved(ResourceFileBuffer.java:422)
	at org.eclipse.core.internal.filebuffers.ResourceFileBuffer$FileSynchronizer$3.execute(ResourceFileBuffer.java:163)
	at org.eclipse.core.internal.filebuffers.ResourceFileBuffer$SafeFileChange.run(ResourceFileBuffer.java:86)
	at org.eclipse.swt.widgets.RunnableLock.run(RunnableLock.java:40)
	at org.eclipse.swt.widgets.Synchronizer.runAsyncMessages(Synchronizer.java:132)
	at org.eclipse.swt.widgets.Display.runAsyncMessages(Display.java:4111)
	at org.eclipse.swt.widgets.Display.readAndDispatch(Display.java:3727)
	at org.eclipse.jface.operation.ModalContext$ModalContextThread.block(ModalContext.java:167)
	at org.eclipse.jface.operation.ModalContext.run(ModalContext.java:369)
	at org.eclipse.ui.internal.WorkbenchWindow.lambda$7(WorkbenchWindow.java:2335)
	at org.eclipse.swt.custom.BusyIndicator.showWhile(BusyIndicator.java:67)
	at org.eclipse.ui.internal.WorkbenchWindow.run(WorkbenchWindow.java:2332)
	at org.jkiss.dbeaver.runtime.RunnableContextDelegate.run(RunnableContextDelegate.java:39)
	at org.jkiss.dbeaver.ui.UIUtils.runInProgressService(UIUtils.java:1841)
	at org.jkiss.dbeaver.ui.navigator.actions.NavigatorHandlerObjectRename.renameNode(NavigatorHandlerObjectRename.java:88)
	at org.jkiss.dbeaver.ui.navigator.actions.NavigatorHandlerObjectRename.execute(NavigatorHandlerObjectRename.java:62)
	at org.eclipse.ui.internal.handlers.HandlerProxy.execute(HandlerProxy.java:277)
	at org.eclipse.ui.internal.handlers.E4HandlerProxy.execute(E4HandlerProxy.java:98)
	at java.base/jdk.internal.reflect.DirectMethodHandleAccessor.invoke(Unknown Source)
	at java.base/java.lang.reflect.Method.invoke(Unknown Source)
	at org.eclipse.e4.core.internal.di.MethodRequestor.execute(MethodRequestor.java:56)
	at org.eclipse.e4.core.internal.di.InjectorImpl.invokeUsingClass(InjectorImpl.java:299)
	at org.eclipse.e4.core.internal.di.InjectorImpl.invoke(InjectorImpl.java:233)
	at org.eclipse.e4.core.contexts.ContextInjectionFactory.invoke(ContextInjectionFactory.java:174)
	at org.eclipse.e4.core.commands.internal.HandlerServiceHandler.execute(HandlerServiceHandler.java:165)
	at org.eclipse.core.commands.Command.executeWithChecks(Command.java:488)
	at org.eclipse.core.commands.ParameterizedCommand.executeWithChecks(ParameterizedCommand.java:485)
	at org.eclipse.e4.core.commands.internal.HandlerServiceImpl.executeHandler(HandlerServiceImpl.java:204)
	at org.eclipse.e4.ui.bindings.keys.KeyBindingDispatcher.executeCommand(KeyBindingDispatcher.java:320)
	at org.eclipse.e4.ui.bindings.keys.KeyBindingDispatcher.press(KeyBindingDispatcher.java:581)
	at org.eclipse.e4.ui.bindings.keys.KeyBindingDispatcher.processKeyEvent(KeyBindingDispatcher.java:662)
	at org.eclipse.e4.ui.bindings.keys.KeyBindingDispatcher.filterKeySequenceBindings(KeyBindingDispatcher.java:451)
	at org.eclipse.e4.ui.bindings.keys.KeyBindingDispatcher$KeyDownFilter.handleEvent(KeyBindingDispatcher.java:104)
	at org.eclipse.swt.widgets.EventTable.sendEvent(EventTable.java:91)
	at org.eclipse.swt.widgets.Display.filterEvent(Display.java:1340)
	at org.eclipse.swt.widgets.Widget.sendEvent(Widget.java:1213)
	at org.eclipse.swt.widgets.Widget.sendEvent(Widget.java:1238)
	at org.eclipse.swt.widgets.Widget.sendEvent(Widget.java:1223)
	at org.eclipse.swt.widgets.Widget.sendKeyEvent(Widget.java:1265)
	at org.eclipse.swt.widgets.Widget.sendKeyEvent(Widget.java:1261)
	at org.eclipse.swt.widgets.Widget.wmKeyDown(Widget.java:1994)
	at org.eclipse.swt.widgets.Control.WM_KEYDOWN(Control.java:5213)
	at org.eclipse.swt.widgets.Tree.WM_KEYDOWN(Tree.java:6282)
	at org.eclipse.swt.widgets.Control.windowProc(Control.java:4811)
	at org.eclipse.swt.widgets.Tree.windowProc(Tree.java:6150)
	at org.eclipse.swt.widgets.Display.windowProc(Display.java:5106)
	at org.eclipse.swt.internal.win32.OS.DispatchMessage(Native Method)
	at org.eclipse.swt.widgets.Display.readAndDispatch(Display.java:3722)
	at org.eclipse.e4.ui.internal.workbench.swt.PartRenderingEngine$5.run(PartRenderingEngine.java:1151)
	at org.eclipse.core.databinding.observable.Realm.runWithDefault(Realm.java:339)
	at org.eclipse.e4.ui.internal.workbench.swt.PartRenderingEngine.run(PartRenderingEngine.java:1042)
	at org.eclipse.e4.ui.internal.workbench.E4Workbench.createAndRunUI(E4Workbench.java:153)
	at org.eclipse.ui.internal.Workbench.lambda$3(Workbench.java:678)
	at org.eclipse.core.databinding.observable.Realm.runWithDefault(Realm.java:339)
	at org.eclipse.ui.internal.Workbench.createAndRunWorkbench(Workbench.java:583)
	at org.eclipse.ui.PlatformUI.createAndRunWorkbench(PlatformUI.java:173)
	at org.jkiss.dbeaver.ui.app.standalone.DBeaverApplication.start(DBeaverApplication.java:315)
	at org.eclipse.equinox.internal.app.EclipseAppHandle.run(EclipseAppHandle.java:219)
	at org.eclipse.core.runtime.internal.adaptor.EclipseAppLauncher.runApplication(EclipseAppLauncher.java:149)
	at org.eclipse.core.runtime.internal.adaptor.EclipseAppLauncher.start(EclipseAppLauncher.java:115)
	at org.eclipse.core.runtime.adaptor.EclipseStarter.run(EclipseStarter.java:467)
	at org.eclipse.core.runtime.adaptor.EclipseStarter.run(EclipseStarter.java:298)
	at java.base/jdk.internal.reflect.DirectMethodHandleAccessor.invoke(Unknown Source)
	at java.base/java.lang.reflect.Method.invoke(Unknown Source)
	at org.jkiss.dbeaver.launcher.DBeaverLauncher.invokeFramework(DBeaverLauncher.java:869)
	at org.jkiss.dbeaver.launcher.DBeaverLauncher.basicRun(DBeaverLauncher.java:660)
	at org.jkiss.dbeaver.launcher.DBeaverLauncher.run(DBeaverLauncher.java:1650)
2025-10-18 22:35:21.427 - Execution context opened (XE; Metadata; 5)
2025-10-18 22:35:21.629 - Connected (oracle_thin-199f51d117b-1706c5a31197e328, Oracle JDBC driver [23.2.0.0.0])
2025-10-18 22:35:21.699 - Execution context opened (XE; SQLEditor <Create.sql>; 6)
2025-10-18 22:35:21.702 - Execution context opened (XE; SQLEditor <SELECT.sql>; 7)
2025-10-18 22:35:22.739 - Duplicate object name 'EMP' in cache TableCache. Last value: SQLTEST.EMP
2025-10-18 22:35:26.005 - Datasource oracle_thin-19993d9eec4-741bdf2ecd16361c not found in project CREATE (/CREATE/Scripts/Script.sql)
2025-10-18 22:35:47.236 - java.lang.IndexOutOfBoundsException: Index -1 out of bounds for length 4
	at java.base/jdk.internal.util.Preconditions.outOfBounds(Unknown Source)
	at java.base/jdk.internal.util.Preconditions.outOfBoundsCheckIndex(Unknown Source)
	at java.base/jdk.internal.util.Preconditions.checkIndex(Unknown Source)
	at java.base/java.util.Objects.checkIndex(Unknown Source)
	at java.base/java.util.ArrayList.get(Unknown Source)
	at org.jkiss.dbeaver.model.stm.LSMInspections.prepareAbstractSyntaxInspection(LSMInspections.java:221)
	at org.jkiss.dbeaver.model.sql.semantics.completion.SQLQueryCompletionContext.prepareCompletionContext(SQLQueryCompletionContext.java:1394)
	at org.jkiss.dbeaver.ui.editors.sql.semantics.SQLBackgroundParsingJob.obtainCompletionContext(SQLBackgroundParsingJob.java:190)
	at org.jkiss.dbeaver.ui.editors.sql.SQLEditorBase.obtainCompletionContext(SQLEditorBase.java:224)
	at org.jkiss.dbeaver.ui.editors.sql.syntax.SQLCompletionProcessor.lambda$0(SQLCompletionProcessor.java:193)
	at org.jkiss.dbeaver.model.sql.semantics.completion.SQLQueryCompletionAnalyzer.run(SQLQueryCompletionAnalyzer.java:70)
	at org.jkiss.dbeaver.model.sql.semantics.completion.SQLQueryCompletionAnalyzer.run(SQLQueryCompletionAnalyzer.java:1)
	at org.jkiss.dbeaver.model.exec.DBExecUtils.tryExecuteRecover(DBExecUtils.java:189)
	at org.jkiss.dbeaver.ui.editors.sql.syntax.SQLCompletionProcessor$NewProposalSearchJob.run(SQLCompletionProcessor.java:549)
	at org.jkiss.dbeaver.model.runtime.AbstractJob.run(AbstractJob.java:119)
	at org.eclipse.core.internal.jobs.Worker.run(Worker.java:63)
2025-10-18 22:35:55.238 - SQL Error [900] [42000]: ORA-00900: invalid SQL statement

org.jkiss.dbeaver.model.sql.DBSQLException: SQL Error [900] [42000]: ORA-00900: invalid SQL statement

	at org.jkiss.dbeaver.model.impl.jdbc.exec.JDBCStatementImpl.executeStatement(JDBCStatementImpl.java:130)
	at org.jkiss.dbeaver.ui.editors.sql.execute.SQLQueryJob.executeStatement(SQLQueryJob.java:657)
	at org.jkiss.dbeaver.ui.editors.sql.execute.SQLQueryJob.lambda$2(SQLQueryJob.java:550)
	at org.jkiss.dbeaver.model.exec.DBExecUtils.tryExecuteRecover(DBExecUtils.java:189)
	at org.jkiss.dbeaver.ui.editors.sql.execute.SQLQueryJob.executeSingleQuery(SQLQueryJob.java:569)
	at org.jkiss.dbeaver.ui.editors.sql.execute.SQLQueryJob.extractData(SQLQueryJob.java:1043)
	at org.jkiss.dbeaver.ui.editors.sql.SQLEditor$QueryResultsContainer.readData(SQLEditor.java:4552)
	at org.jkiss.dbeaver.ui.controls.resultset.ResultSetJobDataRead.lambda$0(ResultSetJobDataRead.java:128)
	at org.jkiss.dbeaver.model.exec.DBExecUtils.tryExecuteRecover(DBExecUtils.java:189)
	at org.jkiss.dbeaver.ui.controls.resultset.ResultSetJobDataRead.run(ResultSetJobDataRead.java:126)
	at org.jkiss.dbeaver.ui.controls.resultset.ResultSetViewer$ResultSetDataPumpJob.run(ResultSetViewer.java:5161)
	at org.jkiss.dbeaver.model.runtime.AbstractJob.run(AbstractJob.java:119)
	at org.eclipse.core.internal.jobs.Worker.run(Worker.java:63)
Caused by: java.sql.SQLSyntaxErrorException: ORA-00900: invalid SQL statement

	at oracle.jdbc.driver.T4CTTIoer11.processError(T4CTTIoer11.java:702)
	at oracle.jdbc.driver.T4CTTIoer11.processError(T4CTTIoer11.java:608)
	at oracle.jdbc.driver.T4C8Oall.processError(T4C8Oall.java:1335)
	at oracle.jdbc.driver.T4CTTIfun.receive(T4CTTIfun.java:1041)
	at oracle.jdbc.driver.T4CTTIfun.doRPC(T4CTTIfun.java:443)
	at oracle.jdbc.driver.T4C8Oall.doOALL(T4C8Oall.java:533)
	at oracle.jdbc.driver.T4CStatement.doOall8(T4CStatement.java:176)
	at oracle.jdbc.driver.T4CStatement.executeForRows(T4CStatement.java:1305)
	at oracle.jdbc.driver.OracleStatement.executeSQLStatement(OracleStatement.java:1877)
	at oracle.jdbc.driver.OracleStatement.doExecuteWithTimeout(OracleStatement.java:1520)
	at oracle.jdbc.driver.OracleStatement.executeInternal(OracleStatement.java:2557)
	at oracle.jdbc.driver.OracleStatement.execute(OracleStatement.java:2506)
	at oracle.jdbc.driver.OracleStatementWrapper.execute(OracleStatementWrapper.java:334)
	at org.jkiss.dbeaver.model.impl.jdbc.exec.JDBCStatementImpl.execute(JDBCStatementImpl.java:344)
	at org.jkiss.dbeaver.model.impl.jdbc.exec.JDBCStatementImpl.executeStatement(JDBCStatementImpl.java:128)
	... 12 more
Caused by: Error : 900, Position : 0, SQL = DESC DEPT, Original SQL = DESC DEPT, Error Message = ORA-00900: invalid SQL statement

	at oracle.jdbc.driver.T4CTTIoer11.processError(T4CTTIoer11.java:710)
	... 26 more
2025-10-18 22:35:55.621 - Datasource oracle_thin-19993d9eec4-741bdf2ecd16361c not found in project CREATE (/CREATE/Scripts/Script.sql)
2025-10-18 22:35:55.666 - Datasource oracle_thin-19993d9eec4-741bdf2ecd16361c not found in project CREATE (/CREATE/Scripts/Script.sql)
2025-10-18 22:35:55.706 - Datasource oracle_thin-19993d9eec4-741bdf2ecd16361c not found in project CREATE (/CREATE/Scripts/Script.sql)
2025-10-18 22:35:55.785 - Datasource oracle_thin-19993d9eec4-741bdf2ecd16361c not found in project CREATE (/CREATE/Scripts/Script.sql)
2025-10-18 22:36:04.695 - Error while analyzing query text: create table emp(   
  empno    number(4,0),   
  ename    varchar2(10),   
  job      varchar2(9),   
  mgr      number(4,0),   
  hiredate date,   
  sal      number(7,2),   
  comm     number(7,2),   
  deptno   number(2,0),   
  constraint pk_emp primary key (empno),   
  constraint fk_deptno foreign key (deptno) references dept (deptno)   
)
java.lang.IllegalStateException: Rows data was not resolved yet
	at org.jkiss.dbeaver.model.sql.semantics.model.select.SQLQueryRowsSourceModel.getRowsDataContext(SQLQueryRowsSourceModel.java:52)
	at org.jkiss.dbeaver.model.sql.semantics.model.ddl.SQLQueryColumnConstraintSpec.propagateForReferencedEntity(SQLQueryColumnConstraintSpec.java:118)
	at org.jkiss.dbeaver.model.sql.semantics.model.ddl.SQLQueryTableConstraintSpec.resolveRelations(SQLQueryTableConstraintSpec.java:116)
	at org.jkiss.dbeaver.model.sql.semantics.model.ddl.SQLQueryTableCreateModel.resolveObjectAndRowsReferences(SQLQueryTableCreateModel.java:123)
	at org.jkiss.dbeaver.model.sql.semantics.model.SQLQueryModel.resolveRelations(SQLQueryModel.java:72)
	at org.jkiss.dbeaver.model.sql.semantics.SQLQueryModelRecognizer.recognizeQuery(SQLQueryModelRecognizer.java:155)
	at org.jkiss.dbeaver.model.sql.semantics.SQLQueryModelRecognizer.recognizeQuery(SQLQueryModelRecognizer.java:1024)
	at org.jkiss.dbeaver.ui.editors.sql.semantics.SQLBackgroundParsingJob.doWork(SQLBackgroundParsingJob.java:600)
	at org.jkiss.dbeaver.ui.editors.sql.semantics.SQLBackgroundParsingJob$1.run(SQLBackgroundParsingJob.java:85)
	at org.jkiss.dbeaver.model.runtime.AbstractJob.run(AbstractJob.java:119)
	at org.eclipse.core.internal.jobs.Worker.run(Worker.java:63)
2025-10-18 22:36:07.946 - SQL Error [900] [42000]: ORA-00900: invalid SQL statement

org.jkiss.dbeaver.model.sql.DBSQLException: SQL Error [900] [42000]: ORA-00900: invalid SQL statement

	at org.jkiss.dbeaver.model.impl.jdbc.exec.JDBCStatementImpl.executeStatement(JDBCStatementImpl.java:130)
	at org.jkiss.dbeaver.ui.editors.sql.execute.SQLQueryJob.executeStatement(SQLQueryJob.java:657)
	at org.jkiss.dbeaver.ui.editors.sql.execute.SQLQueryJob.lambda$2(SQLQueryJob.java:550)
	at org.jkiss.dbeaver.model.exec.DBExecUtils.tryExecuteRecover(DBExecUtils.java:189)
	at org.jkiss.dbeaver.ui.editors.sql.execute.SQLQueryJob.executeSingleQuery(SQLQueryJob.java:569)
	at org.jkiss.dbeaver.ui.editors.sql.execute.SQLQueryJob.extractData(SQLQueryJob.java:1043)
	at org.jkiss.dbeaver.ui.editors.sql.SQLEditor$QueryResultsContainer.readData(SQLEditor.java:4552)
	at org.jkiss.dbeaver.ui.controls.resultset.ResultSetJobDataRead.lambda$0(ResultSetJobDataRead.java:128)
	at org.jkiss.dbeaver.model.exec.DBExecUtils.tryExecuteRecover(DBExecUtils.java:189)
	at org.jkiss.dbeaver.ui.controls.resultset.ResultSetJobDataRead.run(ResultSetJobDataRead.java:126)
	at org.jkiss.dbeaver.ui.controls.resultset.ResultSetViewer$ResultSetDataPumpJob.run(ResultSetViewer.java:5161)
	at org.jkiss.dbeaver.model.runtime.AbstractJob.run(AbstractJob.java:119)
	at org.eclipse.core.internal.jobs.Worker.run(Worker.java:63)
Caused by: java.sql.SQLSyntaxErrorException: ORA-00900: invalid SQL statement

	at oracle.jdbc.driver.T4CTTIoer11.processError(T4CTTIoer11.java:702)
	at oracle.jdbc.driver.T4CTTIoer11.processError(T4CTTIoer11.java:608)
	at oracle.jdbc.driver.T4C8Oall.processError(T4C8Oall.java:1335)
	at oracle.jdbc.driver.T4CTTIfun.receive(T4CTTIfun.java:1041)
	at oracle.jdbc.driver.T4CTTIfun.doRPC(T4CTTIfun.java:443)
	at oracle.jdbc.driver.T4C8Oall.doOALL(T4C8Oall.java:533)
	at oracle.jdbc.driver.T4CStatement.doOall8(T4CStatement.java:176)
	at oracle.jdbc.driver.T4CStatement.executeForRows(T4CStatement.java:1305)
	at oracle.jdbc.driver.OracleStatement.executeSQLStatement(OracleStatement.java:1877)
	at oracle.jdbc.driver.OracleStatement.doExecuteWithTimeout(OracleStatement.java:1520)
	at oracle.jdbc.driver.OracleStatement.executeInternal(OracleStatement.java:2557)
	at oracle.jdbc.driver.OracleStatement.execute(OracleStatement.java:2506)
	at oracle.jdbc.driver.OracleStatementWrapper.execute(OracleStatementWrapper.java:334)
	at org.jkiss.dbeaver.model.impl.jdbc.exec.JDBCStatementImpl.execute(JDBCStatementImpl.java:344)
	at org.jkiss.dbeaver.model.impl.jdbc.exec.JDBCStatementImpl.executeStatement(JDBCStatementImpl.java:128)
	... 12 more
Caused by: Error : 900, Position : 0, SQL = DESC dept, Original SQL = DESC dept, Error Message = ORA-00900: invalid SQL statement

	at oracle.jdbc.driver.T4CTTIoer11.processError(T4CTTIoer11.java:710)
	... 26 more
2025-10-18 22:36:08.338 - Datasource oracle_thin-19993d9eec4-741bdf2ecd16361c not found in project CREATE (/CREATE/Scripts/Script.sql)
2025-10-18 22:36:08.488 - Datasource oracle_thin-19993d9eec4-741bdf2ecd16361c not found in project CREATE (/CREATE/Scripts/Script.sql)
2025-10-18 22:36:08.536 - Datasource oracle_thin-19993d9eec4-741bdf2ecd16361c not found in project CREATE (/CREATE/Scripts/Script.sql)
2025-10-18 22:36:08.586 - Datasource oracle_thin-19993d9eec4-741bdf2ecd16361c not found in project CREATE (/CREATE/Scripts/Script.sql)
2025-10-18 22:36:08.627 - Datasource oracle_thin-19993d9eec4-741bdf2ecd16361c not found in project CREATE (/CREATE/Scripts/Script.sql)
2025-10-18 22:37:07.117 - SQL Error [900] [42000]: ORA-00900: invalid SQL statement

org.jkiss.dbeaver.model.sql.DBSQLException: SQL Error [900] [42000]: ORA-00900: invalid SQL statement

	at org.jkiss.dbeaver.model.impl.jdbc.exec.JDBCStatementImpl.executeStatement(JDBCStatementImpl.java:130)
	at org.jkiss.dbeaver.ui.editors.sql.execute.SQLQueryJob.executeStatement(SQLQueryJob.java:657)
	at org.jkiss.dbeaver.ui.editors.sql.execute.SQLQueryJob.lambda$2(SQLQueryJob.java:550)
	at org.jkiss.dbeaver.model.exec.DBExecUtils.tryExecuteRecover(DBExecUtils.java:189)
	at org.jkiss.dbeaver.ui.editors.sql.execute.SQLQueryJob.executeSingleQuery(SQLQueryJob.java:569)
	at org.jkiss.dbeaver.ui.editors.sql.execute.SQLQueryJob.extractData(SQLQueryJob.java:1043)
	at org.jkiss.dbeaver.ui.editors.sql.SQLEditor$QueryResultsContainer.readData(SQLEditor.java:4552)
	at org.jkiss.dbeaver.ui.controls.resultset.ResultSetJobDataRead.lambda$0(ResultSetJobDataRead.java:128)
	at org.jkiss.dbeaver.model.exec.DBExecUtils.tryExecuteRecover(DBExecUtils.java:189)
	at org.jkiss.dbeaver.ui.controls.resultset.ResultSetJobDataRead.run(ResultSetJobDataRead.java:126)
	at org.jkiss.dbeaver.ui.controls.resultset.ResultSetViewer$ResultSetDataPumpJob.run(ResultSetViewer.java:5161)
	at org.jkiss.dbeaver.model.runtime.AbstractJob.run(AbstractJob.java:119)
	at org.eclipse.core.internal.jobs.Worker.run(Worker.java:63)
Caused by: java.sql.SQLSyntaxErrorException: ORA-00900: invalid SQL statement

	at oracle.jdbc.driver.T4CTTIoer11.processError(T4CTTIoer11.java:702)
	at oracle.jdbc.driver.T4CTTIoer11.processError(T4CTTIoer11.java:608)
	at oracle.jdbc.driver.T4C8Oall.processError(T4C8Oall.java:1335)
	at oracle.jdbc.driver.T4CTTIfun.receive(T4CTTIfun.java:1041)
	at oracle.jdbc.driver.T4CTTIfun.doRPC(T4CTTIfun.java:443)
	at oracle.jdbc.driver.T4C8Oall.doOALL(T4C8Oall.java:533)
	at oracle.jdbc.driver.T4CStatement.doOall8(T4CStatement.java:176)
	at oracle.jdbc.driver.T4CStatement.executeForRows(T4CStatement.java:1305)
	at oracle.jdbc.driver.OracleStatement.executeSQLStatement(OracleStatement.java:1877)
	at oracle.jdbc.driver.OracleStatement.doExecuteWithTimeout(OracleStatement.java:1520)
	at oracle.jdbc.driver.OracleStatement.executeInternal(OracleStatement.java:2557)
	at oracle.jdbc.driver.OracleStatement.execute(OracleStatement.java:2506)
	at oracle.jdbc.driver.OracleStatementWrapper.execute(OracleStatementWrapper.java:334)
	at org.jkiss.dbeaver.model.impl.jdbc.exec.JDBCStatementImpl.execute(JDBCStatementImpl.java:344)
	at org.jkiss.dbeaver.model.impl.jdbc.exec.JDBCStatementImpl.executeStatement(JDBCStatementImpl.java:128)
	... 12 more
Caused by: Error : 900, Position : 0, SQL = DESC dept, Original SQL = DESC dept, Error Message = ORA-00900: invalid SQL statement

	at oracle.jdbc.driver.T4CTTIoer11.processError(T4CTTIoer11.java:710)
	... 26 more
2025-10-18 22:37:07.350 - Datasource oracle_thin-19993d9eec4-741bdf2ecd16361c not found in project CREATE (/CREATE/Scripts/Script.sql)
2025-10-18 22:37:07.438 - Datasource oracle_thin-19993d9eec4-741bdf2ecd16361c not found in project CREATE (/CREATE/Scripts/Script.sql)
2025-10-18 22:37:07.458 - Datasource oracle_thin-19993d9eec4-741bdf2ecd16361c not found in project CREATE (/CREATE/Scripts/Script.sql)
2025-10-18 22:37:07.473 - Datasource oracle_thin-19993d9eec4-741bdf2ecd16361c not found in project CREATE (/CREATE/Scripts/Script.sql)
2025-10-18 22:37:07.486 - Datasource oracle_thin-19993d9eec4-741bdf2ecd16361c not found in project CREATE (/CREATE/Scripts/Script.sql)
2025-10-18 22:38:37.044 - Datasource oracle_thin-19993d9eec4-741bdf2ecd16361c not found in project CREATE (/CREATE/Scripts/Script.sql)
2025-10-18 22:38:37.089 - Datasource oracle_thin-19993d9eec4-741bdf2ecd16361c not found in project CREATE (/CREATE/Scripts/Script.sql)
2025-10-18 22:38:46.033 - Datasource oracle_thin-19993d9eec4-741bdf2ecd16361c not found in project CREATE (/CREATE/Scripts/Script.sql)
2025-10-18 22:38:46.078 - Datasource oracle_thin-19993d9eec4-741bdf2ecd16361c not found in project CREATE (/CREATE/Scripts/Script.sql)
2025-10-18 22:38:49.236 - Datasource oracle_thin-19993d9eec4-741bdf2ecd16361c not found in project CREATE (/CREATE/Scripts/Script.sql)
2025-10-18 22:38:49.277 - Datasource oracle_thin-19993d9eec4-741bdf2ecd16361c not found in project CREATE (/CREATE/Scripts/Script.sql)
2025-10-18 22:38:53.977 - Datasource oracle_thin-19993d9eec4-741bdf2ecd16361c not found in project CREATE (/CREATE/Scripts/Script.sql)
2025-10-18 22:38:54.027 - Datasource oracle_thin-19993d9eec4-741bdf2ecd16361c not found in project CREATE (/CREATE/Scripts/Script.sql)
2025-10-18 22:38:58.227 - SQL Error [933] [42000]: ORA-00933: SQL command not properly ended

org.jkiss.dbeaver.model.sql.DBSQLException: SQL Error [933] [42000]: ORA-00933: SQL command not properly ended

	at org.jkiss.dbeaver.model.impl.jdbc.exec.JDBCStatementImpl.executeStatement(JDBCStatementImpl.java:130)
	at org.jkiss.dbeaver.ui.editors.sql.execute.SQLQueryJob.executeStatement(SQLQueryJob.java:657)
	at org.jkiss.dbeaver.ui.editors.sql.execute.SQLQueryJob.lambda$2(SQLQueryJob.java:550)
	at org.jkiss.dbeaver.model.exec.DBExecUtils.tryExecuteRecover(DBExecUtils.java:189)
	at org.jkiss.dbeaver.ui.editors.sql.execute.SQLQueryJob.executeSingleQuery(SQLQueryJob.java:569)
	at org.jkiss.dbeaver.ui.editors.sql.execute.SQLQueryJob.extractData(SQLQueryJob.java:1043)
	at org.jkiss.dbeaver.ui.editors.sql.SQLEditor$QueryResultsContainer.readData(SQLEditor.java:4552)
	at org.jkiss.dbeaver.ui.controls.resultset.ResultSetJobDataRead.lambda$0(ResultSetJobDataRead.java:128)
	at org.jkiss.dbeaver.model.exec.DBExecUtils.tryExecuteRecover(DBExecUtils.java:189)
	at org.jkiss.dbeaver.ui.controls.resultset.ResultSetJobDataRead.run(ResultSetJobDataRead.java:126)
	at org.jkiss.dbeaver.ui.controls.resultset.ResultSetViewer$ResultSetDataPumpJob.run(ResultSetViewer.java:5161)
	at org.jkiss.dbeaver.model.runtime.AbstractJob.run(AbstractJob.java:119)
	at org.eclipse.core.internal.jobs.Worker.run(Worker.java:63)
Caused by: java.sql.SQLSyntaxErrorException: ORA-00933: SQL command not properly ended

	at oracle.jdbc.driver.T4CTTIoer11.processError(T4CTTIoer11.java:702)
	at oracle.jdbc.driver.T4CTTIoer11.processError(T4CTTIoer11.java:608)
	at oracle.jdbc.driver.T4C8Oall.processError(T4C8Oall.java:1335)
	at oracle.jdbc.driver.T4CTTIfun.receive(T4CTTIfun.java:1041)
	at oracle.jdbc.driver.T4CTTIfun.doRPC(T4CTTIfun.java:443)
	at oracle.jdbc.driver.T4C8Oall.doOALL(T4C8Oall.java:533)
	at oracle.jdbc.driver.T4CStatement.doOall8(T4CStatement.java:176)
	at oracle.jdbc.driver.T4CStatement.executeForDescribe(T4CStatement.java:1050)
	at oracle.jdbc.driver.OracleStatement.prepareDefineBufferAndExecute(OracleStatement.java:1318)
	at oracle.jdbc.driver.OracleStatement.executeMaybeDescribe(OracleStatement.java:1197)
	at oracle.jdbc.driver.OracleStatement.executeSQLSelect(OracleStatement.java:1721)
	at oracle.jdbc.driver.OracleStatement.doExecuteWithTimeout(OracleStatement.java:1518)
	at oracle.jdbc.driver.OracleStatement.executeInternal(OracleStatement.java:2557)
	at oracle.jdbc.driver.OracleStatement.execute(OracleStatement.java:2506)
	at oracle.jdbc.driver.OracleStatementWrapper.execute(OracleStatementWrapper.java:334)
	at org.jkiss.dbeaver.model.impl.jdbc.exec.JDBCStatementImpl.execute(JDBCStatementImpl.java:344)
	at org.jkiss.dbeaver.model.impl.jdbc.exec.JDBCStatementImpl.executeStatement(JDBCStatementImpl.java:128)
	... 12 more
Caused by: Error : 933, Position : 592, SQL = -- desc
SELECT column_name, data_type, data_length, nullable
FROM all_tab_columns
WHERE table_name = 'dept

SELECT * FROM dept;

create table emp(   
  empno    number(4,0),   
  ename    varchar2(10),   
  job      varchar2(9),   
  mgr      number(4,0),   
  hiredate date,   
  sal      number(7,2),   
  comm     number(7,2),   
  deptno   number(2,0),   
  constraint pk_emp primary key (empno),   
  constraint fk_deptno foreign key (deptno) references dept (deptno)   
); 

SELECT * FROM emp;

--2.insert data
INSERT INTO DEPT (DEPTNO, DNAME, LOC) 
VALUES(10, 'ACCOUNTING', 'NEW YORK');


INSERT INTO dept   
VALUES(20, 'RESEARCH', 'DALLAS');

INSERT INTO dept   
VALUES(30, 'SALES', 'CHICAGO');

INSERT INTO dept  
VALUES(40, 'OPERATIONS', 'BOSTON');


INSERT INTO emp   
VALUES(   
 7839, 'KING', 'PRESIDENT', null,   
 TO_DATE('17-11-1981','dd-mm-yyyy'),   
 5000, null, 10   
);

INSERT INTO emp  
VALUES(  
 7698, 'BLAKE', 'MANAGER', 7839,  
 TO_DATE('1-5-1981','dd-mm-yyyy'),  
 2850, null, 30  
);

INSERT INTO emp  
VALUES(  
 7782, 'CLARK', 'MANAGER', 7839,  
 TO_DATE('9-6-1981','dd-mm-yyyy'),  
 2450, null, 10  
);

INSERT INTO emp  
VALUES(  
 7566, 'JONES', 'MANAGER', 7839,  
 TO_DATE('2-4-1981','dd-mm-yyyy'),  
 2975, null, 20  
);

INSERT INTO emp  
VALUES(  
 7788, 'SCOTT', 'ANALYST', 7566,  
 TO_DATE('19-04-1987', 'dd-mm-yyyy'),  
 3000, null, 20  
);

INSERT INTO emp  
VALUES(  
 7902, 'FORD', 'ANALYST', 7566,  
 TO_DATE('3-12-1981','dd-mm-yyyy'),  
 3000, null, 20  
);

INSERT INTO emp  
VALUES(  
 7369, 'SMITH', 'CLERK', 7902,  
 TO_DATE('17-12-1980','dd-mm-yyyy'),  
 800, null, 20  
);

INSERT INTO emp  
VALUES(  
 7499, 'ALLEN', 'SALESMAN', 7698,  
 TO_DATE('20-2-1981','dd-mm-yyyy'),  
 1600, 300, 30  
);

INSERT INTO emp  
VALUES(  
 7521, 'WARD', 'SALESMAN', 7698,  
 TO_DATE('22-2-1981','dd-mm-yyyy'),  
 1250, 500, 30  
);

INSERT INTO emp  
VALUES(  
 7654, 'MARTIN', 'SALESMAN', 7698,  
 TO_DATE('28-9-1981','dd-mm-yyyy'),  
 1250, 1400, 30  
);

INSERT INTO emp  
VALUES(  
 7844, 'TURNER', 'SALESMAN', 7698,  
 TO_DATE('8-9-1981','dd-mm-yyyy'),  
 1500, 0, 30  
);

INSERT INTO emp  
VALUES(  
 7876, 'ADAMS', 'CLERK', 7788,  
 TO_DATE('23-05-1987', 'dd-mm-yyyy'),  
 1100, null, 20  
);

INSERT INTO emp  
VALUES(  
 7900, 'JAMES', 'CLERK', 7698,  
 TO_DATE('3-12-1981','dd-mm-yyyy'),  
 950, null, 30  
);

INSERT INTO emp
 VALUES(
 7934, 'MILLER', 'CLERK',7782,
 TO_DATE('23-01-1982','dd-mm-yyyy'),
 1300,null,10
 ); , Original SQL = -- desc
SELECT column_name, data_type, data_length, nullable
FROM all_tab_columns
WHERE table_name = 'dept

SELECT * FROM dept;

create table emp(   
  empno    number(4,0),   
  ename    varchar2(10),   
  job      varchar2(9),   
  mgr      number(4,0),   
  hiredate date,   
  sal      number(7,2),   
  comm     number(7,2),   
  deptno   number(2,0),   
  constraint pk_emp primary key (empno),   
  constraint fk_deptno foreign key (deptno) references dept (deptno)   
); 

SELECT * FROM emp;

--2.insert data
INSERT INTO DEPT (DEPTNO, DNAME, LOC) 
VALUES(10, 'ACCOUNTING', 'NEW YORK');


INSERT INTO dept   
VALUES(20, 'RESEARCH', 'DALLAS');

INSERT INTO dept   
VALUES(30, 'SALES', 'CHICAGO');

INSERT INTO dept  
VALUES(40, 'OPERATIONS', 'BOSTON');


INSERT INTO emp   
VALUES(   
 7839, 'KING', 'PRESIDENT', null,   
 TO_DATE('17-11-1981','dd-mm-yyyy'),   
 5000, null, 10   
);

INSERT INTO emp  
VALUES(  
 7698, 'BLAKE', 'MANAGER', 7839,  
 TO_DATE('1-5-1981','dd-mm-yyyy'),  
 2850, null, 30  
);

INSERT INTO emp  
VALUES(  
 7782, 'CLARK', 'MANAGER', 7839,  
 TO_DATE('9-6-1981','dd-mm-yyyy'),  
 2450, null, 10  
);

INSERT INTO emp  
VALUES(  
 7566, 'JONES', 'MANAGER', 7839,  
 TO_DATE('2-4-1981','dd-mm-yyyy'),  
 2975, null, 20  
);

INSERT INTO emp  
VALUES(  
 7788, 'SCOTT', 'ANALYST', 7566,  
 TO_DATE('19-04-1987', 'dd-mm-yyyy'),  
 3000, null, 20  
);

INSERT INTO emp  
VALUES(  
 7902, 'FORD', 'ANALYST', 7566,  
 TO_DATE('3-12-1981','dd-mm-yyyy'),  
 3000, null, 20  
);

INSERT INTO emp  
VALUES(  
 7369, 'SMITH', 'CLERK', 7902,  
 TO_DATE('17-12-1980','dd-mm-yyyy'),  
 800, null, 20  
);

INSERT INTO emp  
VALUES(  
 7499, 'ALLEN', 'SALESMAN', 7698,  
 TO_DATE('20-2-1981','dd-mm-yyyy'),  
 1600, 300, 30  
);

INSERT INTO emp  
VALUES(  
 7521, 'WARD', 'SALESMAN', 7698,  
 TO_DATE('22-2-1981','dd-mm-yyyy'),  
 1250, 500, 30  
);

INSERT INTO emp  
VALUES(  
 7654, 'MARTIN', 'SALESMAN', 7698,  
 TO_DATE('28-9-1981','dd-mm-yyyy'),  
 1250, 1400, 30  
);

INSERT INTO emp  
VALUES(  
 7844, 'TURNER', 'SALESMAN', 7698,  
 TO_DATE('8-9-1981','dd-mm-yyyy'),  
 1500, 0, 30  
);

INSERT INTO emp  
VALUES(  
 7876, 'ADAMS', 'CLERK', 7788,  
 TO_DATE('23-05-1987', 'dd-mm-yyyy'),  
 1100, null, 20  
);

INSERT INTO emp  
VALUES(  
 7900, 'JAMES', 'CLERK', 7698,  
 TO_DATE('3-12-1981','dd-mm-yyyy'),  
 950, null, 30  
);

INSERT INTO emp
 VALUES(
 7934, 'MILLER', 'CLERK',7782,
 TO_DATE('23-01-1982','dd-mm-yyyy'),
 1300,null,10
 ); , Error Message = ORA-00933: SQL command not properly ended

	at oracle.jdbc.driver.T4CTTIoer11.processError(T4CTTIoer11.java:710)
	... 28 more
2025-10-18 22:38:58.502 - Datasource oracle_thin-19993d9eec4-741bdf2ecd16361c not found in project CREATE (/CREATE/Scripts/Script.sql)
2025-10-18 22:38:58.611 - Datasource oracle_thin-19993d9eec4-741bdf2ecd16361c not found in project CREATE (/CREATE/Scripts/Script.sql)
2025-10-18 22:38:58.629 - Datasource oracle_thin-19993d9eec4-741bdf2ecd16361c not found in project CREATE (/CREATE/Scripts/Script.sql)
2025-10-18 22:38:58.644 - Datasource oracle_thin-19993d9eec4-741bdf2ecd16361c not found in project CREATE (/CREATE/Scripts/Script.sql)
2025-10-18 22:38:58.662 - Datasource oracle_thin-19993d9eec4-741bdf2ecd16361c not found in project CREATE (/CREATE/Scripts/Script.sql)
2025-10-18 22:39:01.445 - Datasource oracle_thin-19993d9eec4-741bdf2ecd16361c not found in project CREATE (/CREATE/Scripts/Script.sql)
2025-10-18 22:39:01.496 - Datasource oracle_thin-19993d9eec4-741bdf2ecd16361c not found in project CREATE (/CREATE/Scripts/Script.sql)
2025-10-18 22:39:01.529 - Datasource oracle_thin-19993d9eec4-741bdf2ecd16361c not found in project CREATE (/CREATE/Scripts/Script.sql)
2025-10-18 22:39:01.555 - Datasource oracle_thin-19993d9eec4-741bdf2ecd16361c not found in project CREATE (/CREATE/Scripts/Script.sql)
2025-10-18 22:39:02.551 - Datasource oracle_thin-19993d9eec4-741bdf2ecd16361c not found in project CREATE (/CREATE/Scripts/Script.sql)
2025-10-18 22:39:02.586 - Datasource oracle_thin-19993d9eec4-741bdf2ecd16361c not found in project CREATE (/CREATE/Scripts/Script.sql)
2025-10-18 22:39:03.059 - Datasource oracle_thin-19993d9eec4-741bdf2ecd16361c not found in project CREATE (/CREATE/Scripts/Script.sql)
2025-10-18 22:39:03.103 - Datasource oracle_thin-19993d9eec4-741bdf2ecd16361c not found in project CREATE (/CREATE/Scripts/Script.sql)
2025-10-18 22:39:03.120 - Datasource oracle_thin-19993d9eec4-741bdf2ecd16361c not found in project CREATE (/CREATE/Scripts/Script.sql)
2025-10-18 22:39:03.131 - Datasource oracle_thin-19993d9eec4-741bdf2ecd16361c not found in project CREATE (/CREATE/Scripts/Script.sql)
2025-10-18 22:39:03.958 - Datasource oracle_thin-19993d9eec4-741bdf2ecd16361c not found in project CREATE (/CREATE/Scripts/Script.sql)
2025-10-18 22:39:04.014 - Datasource oracle_thin-19993d9eec4-741bdf2ecd16361c not found in project CREATE (/CREATE/Scripts/Script.sql)
2025-10-18 22:39:04.088 - Datasource oracle_thin-19993d9eec4-741bdf2ecd16361c not found in project CREATE (/CREATE/Scripts/Script.sql)
2025-10-18 22:39:04.151 - Datasource oracle_thin-19993d9eec4-741bdf2ecd16361c not found in project CREATE (/CREATE/Scripts/Script.sql)
2025-10-18 22:39:25.155 - Datasource oracle_thin-19993d9eec4-741bdf2ecd16361c not found in project CREATE (/CREATE/Scripts/Script.sql)
2025-10-18 22:39:25.199 - Datasource oracle_thin-19993d9eec4-741bdf2ecd16361c not found in project CREATE (/CREATE/Scripts/Script.sql)
2025-10-18 22:39:26.567 - Datasource oracle_thin-19993d9eec4-741bdf2ecd16361c not found in project CREATE (/CREATE/Scripts/Script.sql)
2025-10-18 22:39:26.600 - Datasource oracle_thin-19993d9eec4-741bdf2ecd16361c not found in project CREATE (/CREATE/Scripts/Script.sql)
2025-10-18 22:39:29.707 - Datasource oracle_thin-19993d9eec4-741bdf2ecd16361c not found in project CREATE (/CREATE/Scripts/Script.sql)
2025-10-18 22:39:35.065 - Datasource oracle_thin-19993d9eec4-741bdf2ecd16361c not found in project CREATE (/CREATE/Scripts/Script.sql)
2025-10-18 22:39:35.115 - Datasource oracle_thin-19993d9eec4-741bdf2ecd16361c not found in project CREATE (/CREATE/Scripts/Script.sql)
2025-10-18 22:39:35.165 - Datasource oracle_thin-19993d9eec4-741bdf2ecd16361c not found in project CREATE (/CREATE/Scripts/Script.sql)
2025-10-18 22:39:35.198 - Datasource oracle_thin-19993d9eec4-741bdf2ecd16361c not found in project CREATE (/CREATE/Scripts/Script.sql)
2025-10-18 22:39:38.182 - Datasource oracle_thin-19993d9eec4-741bdf2ecd16361c not found in project CREATE (/CREATE/Scripts/Script.sql)
2025-10-18 22:39:38.228 - Datasource oracle_thin-19993d9eec4-741bdf2ecd16361c not found in project CREATE (/CREATE/Scripts/Script.sql)
2025-10-18 22:39:38.278 - Datasource oracle_thin-19993d9eec4-741bdf2ecd16361c not found in project CREATE (/CREATE/Scripts/Script.sql)
2025-10-18 22:39:38.315 - Datasource oracle_thin-19993d9eec4-741bdf2ecd16361c not found in project CREATE (/CREATE/Scripts/Script.sql)
2025-10-18 22:39:39.902 - Datasource oracle_thin-19993d9eec4-741bdf2ecd16361c not found in project CREATE (/CREATE/Scripts/Script.sql)
2025-10-18 22:39:39.924 - Datasource oracle_thin-19993d9eec4-741bdf2ecd16361c not found in project CREATE (/CREATE/Scripts/Script.sql)
2025-10-18 22:39:44.765 - Datasource oracle_thin-19993d9eec4-741bdf2ecd16361c not found in project CREATE (/CREATE/Scripts/Script.sql)
2025-10-18 22:39:44.802 - Datasource oracle_thin-19993d9eec4-741bdf2ecd16361c not found in project CREATE (/CREATE/Scripts/Script.sql)
2025-10-18 22:39:45.502 - Datasource oracle_thin-19993d9eec4-741bdf2ecd16361c not found in project CREATE (/CREATE/Scripts/Script.sql)
2025-10-18 22:39:57.649 - Datasource oracle_thin-19993d9eec4-741bdf2ecd16361c not found in project CREATE (/CREATE/Scripts/Script.sql)
2025-10-18 22:39:57.664 - Datasource oracle_thin-19993d9eec4-741bdf2ecd16361c not found in project CREATE (/CREATE/Scripts/Script.sql)
2025-10-18 22:39:57.675 - Datasource oracle_thin-19993d9eec4-741bdf2ecd16361c not found in project CREATE (/CREATE/Scripts/Script.sql)
2025-10-18 22:39:57.690 - Datasource oracle_thin-19993d9eec4-741bdf2ecd16361c not found in project CREATE (/CREATE/Scripts/Script.sql)
2025-10-18 22:40:05.759 - Datasource oracle_thin-19993d9eec4-741bdf2ecd16361c not found in project CREATE (/CREATE/Scripts/Script.sql)
2025-10-18 22:40:05.813 - Datasource oracle_thin-19993d9eec4-741bdf2ecd16361c not found in project CREATE (/CREATE/Scripts/Script.sql)
2025-10-18 22:40:07.644 - Datasource oracle_thin-19993d9eec4-741bdf2ecd16361c not found in project CREATE (/CREATE/Scripts/Script.sql)
2025-10-18 22:40:07.697 - Datasource oracle_thin-19993d9eec4-741bdf2ecd16361c not found in project CREATE (/CREATE/Scripts/Script.sql)
2025-10-18 22:40:08.347 - Datasource oracle_thin-19993d9eec4-741bdf2ecd16361c not found in project CREATE (/CREATE/Scripts/Script.sql)
2025-10-18 22:40:08.406 - Datasource oracle_thin-19993d9eec4-741bdf2ecd16361c not found in project CREATE (/CREATE/Scripts/Script.sql)
2025-10-18 22:40:09.760 - Datasource oracle_thin-19993d9eec4-741bdf2ecd16361c not found in project CREATE (/CREATE/Scripts/Script.sql)
2025-10-18 22:40:09.795 - Datasource oracle_thin-19993d9eec4-741bdf2ecd16361c not found in project CREATE (/CREATE/Scripts/Script.sql)
2025-10-18 22:40:11.636 - Datasource oracle_thin-19993d9eec4-741bdf2ecd16361c not found in project CREATE (/CREATE/Scripts/Script.sql)
2025-10-18 22:40:11.665 - Datasource oracle_thin-19993d9eec4-741bdf2ecd16361c not found in project CREATE (/CREATE/Scripts/Script.sql)
2025-10-18 22:40:31.158 - Datasource oracle_thin-19993d9eec4-741bdf2ecd16361c not found in project CREATE (/CREATE/Scripts/Script.sql)
2025-10-18 22:40:31.192 - Datasource oracle_thin-19993d9eec4-741bdf2ecd16361c not found in project CREATE (/CREATE/Scripts/Script.sql)
2025-10-18 22:40:31.219 - Datasource oracle_thin-19993d9eec4-741bdf2ecd16361c not found in project CREATE (/CREATE/Scripts/Script.sql)
2025-10-18 22:40:31.250 - Datasource oracle_thin-19993d9eec4-741bdf2ecd16361c not found in project CREATE (/CREATE/Scripts/Script.sql)
2025-10-18 22:40:35.891 - Datasource oracle_thin-19993d9eec4-741bdf2ecd16361c not found in project CREATE (/CREATE/Scripts/Script.sql)
2025-10-18 22:40:36.494 - Datasource oracle_thin-19993d9eec4-741bdf2ecd16361c not found in project CREATE (/CREATE/Scripts/Script.sql)
2025-10-18 22:40:36.528 - Datasource oracle_thin-19993d9eec4-741bdf2ecd16361c not found in project CREATE (/CREATE/Scripts/Script.sql)
> Start DBeaver UI Editors - Entity [org.jkiss.dbeaver.ui.editors.entity 1.0.160.202508031529]
2025-10-18 22:41:33.726 - Error reading dependent DDL 'OBJECT_GRANT' for 'SQLTEST.EMP': ORA-31608: specified object of type OBJECT_GRANT not found
ORA-06512: at "SYS.DBMS_METADATA", line 6069
ORA-06512: at "SYS.DBMS_METADATA", line 8761
ORA-06512: at line 1

2025-10-18 22:42:03.215 - Datasource oracle_thin-19993d9eec4-741bdf2ecd16361c not found in project CREATE (/CREATE/Scripts/Script.sql)
2025-10-18 22:42:03.262 - Datasource oracle_thin-19993d9eec4-741bdf2ecd16361c not found in project CREATE (/CREATE/Scripts/Script.sql)
2025-10-18 22:42:03.292 - Datasource oracle_thin-19993d9eec4-741bdf2ecd16361c not found in project CREATE (/CREATE/Scripts/Script.sql)
2025-10-18 22:42:03.321 - Datasource oracle_thin-19993d9eec4-741bdf2ecd16361c not found in project CREATE (/CREATE/Scripts/Script.sql)
2025-10-18 22:42:10.871 - Datasource oracle_thin-19993d9eec4-741bdf2ecd16361c not found in project CREATE (/CREATE/Scripts/Script.sql)
2025-10-18 22:42:32.670 - Datasource oracle_thin-19993d9eec4-741bdf2ecd16361c not found in project CREATE (/CREATE/Scripts/Script.sql)
2025-10-18 22:42:32.713 - Datasource oracle_thin-19993d9eec4-741bdf2ecd16361c not found in project CREATE (/CREATE/Scripts/Script.sql)
2025-10-18 22:42:33.224 - Datasource oracle_thin-19993d9eec4-741bdf2ecd16361c not found in project CREATE (/CREATE/Scripts/Script.sql)
2025-10-18 22:42:34.983 - Datasource oracle_thin-19993d9eec4-741bdf2ecd16361c not found in project CREATE (/CREATE/Scripts/Script.sql)
2025-10-18 22:42:35.009 - Datasource oracle_thin-19993d9eec4-741bdf2ecd16361c not found in project CREATE (/CREATE/Scripts/Script.sql)
2025-10-18 22:42:40.803 - Error dissociating problem marker
org.eclipse.core.internal.resources.ResourceException(/CREATE/Scripts/Create.sql)[376]: java.lang.IllegalStateException
	at org.eclipse.core.internal.resources.Marker.checkInfo(Marker.java:71)
	at org.eclipse.core.internal.resources.Marker.setAttribute(Marker.java:268)
	at org.jkiss.dbeaver.ui.editors.sql.semantics.SQLEditorSemanticMarkersManager.updateMarkers(SQLEditorSemanticMarkersManager.java:168)
	at org.jkiss.dbeaver.ui.editors.sql.semantics.SQLEditorSemanticMarkersManager$3.runInUIThread(SQLEditorSemanticMarkersManager.java:86)
	at org.jkiss.dbeaver.ui.AbstractUIJob.runInUIThread(AbstractUIJob.java:41)
	at org.eclipse.ui.progress.UIJob.lambda$0(UIJob.java:148)
	at org.eclipse.swt.widgets.RunnableLock.run(RunnableLock.java:40)
	at org.eclipse.swt.widgets.Synchronizer.runAsyncMessages(Synchronizer.java:132)
	at org.eclipse.swt.widgets.Display.runAsyncMessages(Display.java:4111)
	at org.eclipse.swt.widgets.Display.readAndDispatch(Display.java:3727)
	at org.eclipse.e4.ui.internal.workbench.swt.PartRenderingEngine$5.run(PartRenderingEngine.java:1151)
	at org.eclipse.core.databinding.observable.Realm.runWithDefault(Realm.java:339)
	at org.eclipse.e4.ui.internal.workbench.swt.PartRenderingEngine.run(PartRenderingEngine.java:1042)
	at org.eclipse.e4.ui.internal.workbench.E4Workbench.createAndRunUI(E4Workbench.java:153)
	at org.eclipse.ui.internal.Workbench.lambda$3(Workbench.java:678)
	at org.eclipse.core.databinding.observable.Realm.runWithDefault(Realm.java:339)
	at org.eclipse.ui.internal.Workbench.createAndRunWorkbench(Workbench.java:583)
	at org.eclipse.ui.PlatformUI.createAndRunWorkbench(PlatformUI.java:173)
	at org.jkiss.dbeaver.ui.app.standalone.DBeaverApplication.start(DBeaverApplication.java:315)
	at org.eclipse.equinox.internal.app.EclipseAppHandle.run(EclipseAppHandle.java:219)
	at org.eclipse.core.runtime.internal.adaptor.EclipseAppLauncher.runApplication(EclipseAppLauncher.java:149)
	at org.eclipse.core.runtime.internal.adaptor.EclipseAppLauncher.start(EclipseAppLauncher.java:115)
	at org.eclipse.core.runtime.adaptor.EclipseStarter.run(EclipseStarter.java:467)
	at org.eclipse.core.runtime.adaptor.EclipseStarter.run(EclipseStarter.java:298)
	at java.base/jdk.internal.reflect.DirectMethodHandleAccessor.invoke(Unknown Source)
	at java.base/java.lang.reflect.Method.invoke(Unknown Source)
	at org.jkiss.dbeaver.launcher.DBeaverLauncher.invokeFramework(DBeaverLauncher.java:869)
	at org.jkiss.dbeaver.launcher.DBeaverLauncher.basicRun(DBeaverLauncher.java:660)
	at org.jkiss.dbeaver.launcher.DBeaverLauncher.run(DBeaverLauncher.java:1650)
2025-10-18 22:42:40.812 - Datasource oracle_thin-19993d9eec4-741bdf2ecd16361c not found in project CREATE (/CREATE/Scripts/Script.sql)
2025-10-18 22:44:54.817 - Execution context closed (XE, 6)
2025-10-18 22:44:55.002 - Datasource oracle_thin-19993d9eec4-741bdf2ecd16361c not found in project CREATE (/CREATE/Scripts/Script.sql)
2025-10-18 22:44:55.019 - Datasource oracle_thin-19993d9eec4-741bdf2ecd16361c not found in project CREATE (/CREATE/Scripts/Script.sql)
2025-10-18 22:45:01.930 - Execution context closed (XE, 7)
2025-10-18 22:53:09.647 - Dispose navigator model
2025-10-18 22:53:09.755 - DBeaver is stopping
2025-10-18 22:53:09.758 - Stop instance server
2025-10-18 22:53:10.765 - Instance server has been stopped
2025-10-18 22:53:10.766 - DBeaver shutdown completed
