2025-11-15 16:39:15.212 - DBeaver 25.1.4.202508031529 is starting
2025-11-15 16:39:15.214 - OS: Windows 11 10.0 (amd64)
2025-11-15 16:39:15.214 - Java version: 21.0.5 by Eclipse Adoptium (64bit)
2025-11-15 16:39:15.214 - Install path: 'C:\1400_web_nhs\devtools\dbeaver'
2025-11-15 16:39:15.215 - Instance path: 'file:/C:/1400_web_nhs/06_spring/db/'
2025-11-15 16:39:15.219 - Memory available 64Mb/1024Mb
2025-11-15 16:39:15.240 - Create display
2025-11-15 16:39:15.422 - Initialize desktop platform...
2025-11-15 16:39:15.685 - BounceCastle bundle found. Use JCE provider BC
> Start Core File Systems [org.eclipse.core.filesystem 1.11.200.v20250513-1234]
> Start Core Resource Management [org.eclipse.core.resources 3.22.200.v20250513-1234]
> Start Team Support Core [org.eclipse.team.core 3.10.700.v20250313-0656]
> Start DBeaver UI Navigator [org.jkiss.dbeaver.ui.navigator 1.0.160.202508031529]
2025-11-15 16:39:16.121 - Initialize base platform...
2025-11-15 16:39:16.159 - Platform initialized (737ms)
2025-11-15 16:39:17.276 - Starting instance server at http://localhost:53678
2025-11-15 16:39:17.313 - Run workbench
> Start Eclipse e4 Workbench SWT [org.eclipse.e4.ui.workbench.swt 0.17.800.v20250422-1254]
> Start Eclipse Application Services [org.eclipse.e4.core.services 2.5.200.v20250326-1945]
> Start Eclipse UI Application Services [org.eclipse.e4.ui.services 1.6.500.v20250123-0754]
> Start Eclipse e4 Progress View [org.eclipse.e4.ui.progress 0.4.800.v20250422-1254]
> Start Eclipse Bindings Support [org.eclipse.e4.ui.bindings 0.14.600.v20250331-1050]
> Start Eclipse e4 core commands [org.eclipse.e4.core.commands 1.1.600.v20250307-1331]
> Start EMF XML/XMI Persistence [org.eclipse.emf.ecore.xmi 2.39.0.v20250414-1351]
> Start Eclipse CSS SWT Theme Support [org.eclipse.e4.ui.css.swt.theme 0.14.500.v20250213-1508]
> Start Eclipse e4 Workbench Add-ons [org.eclipse.e4.ui.workbench.addons.swt 1.5.700.v20250422-1254]
> Start Eclipse e4 Workbench SWT Renderer [org.eclipse.e4.ui.workbench.renderers.swt 0.16.800.v20250519-1609]
> Start Eclipse Dependency Injection Extensions [org.eclipse.e4.core.di.extensions 0.18.300.v20240413-1529]
> Start Eclipse CSS SWT Support [org.eclipse.e4.ui.css.swt 0.15.600.v20250409-1135]
> Start Default Text Editor [org.eclipse.ui.editors 3.20.0.v20250514-1719]
> Start Text Editor Framework [org.eclipse.ui.workbench.texteditor 3.19.200.v20250514-1719]
2025-11-15 16:39:36.254 - Configure workbench window
> Start DBeaver SQL Model [org.jkiss.dbeaver.model.sql 1.0.150.202508031529]
2025-11-15 16:39:36.683 - Total database drivers: 124 (124)
> Start Help System Core [org.eclipse.help 3.10.500.v20250423-1201]
2025-11-15 16:39:36.790 - Create actions
2025-11-15 16:39:36.808 - Disable Eclipse action set 'org.eclipse.ui.edit.text.actionSet.annotationNavigation'
2025-11-15 16:39:36.811 - Disable Eclipse action set 'org.eclipse.ui.WorkingSetActionSet'
2025-11-15 16:39:36.811 - Disable Eclipse action set 'org.eclipse.ui.actionSet.openFiles'
2025-11-15 16:39:36.812 - Create workbench actions
2025-11-15 16:39:37.974 - Initialize workbench window
2025-11-15 16:39:37.980 - Finish initialization
> Start DBeaver UI Editors - Data [org.jkiss.dbeaver.ui.editors.data 1.0.160.202508031529]
> Start Equinox Java Authentication and Authorization Service (JAAS) [org.eclipse.equinox.security 1.4.600.v20250521-0413]
> Start Internet Connection Management UI [org.eclipse.ui.net 1.5.400.v20240413-1529]
> Start Internet Connection Management [org.eclipse.core.net 1.5.700.v20250313-0656]
> Start DBeaver UI Editors - SQL [org.jkiss.dbeaver.ui.editors.sql 1.0.160.202508031529]
> Start DBeaver Sample Database [org.jkiss.dbeaver.ui.config.sample 1.0.197.202508031529]
2025-11-15 16:39:42.639 - Open [https://dbeaver.io/product/version.xml]
> Start DBeaver Dashboard UI [org.jkiss.dbeaver.ui.dashboard 1.0.157.202508031529]
> Start GEF Classic Draw2d [org.eclipse.draw2d 3.20.0.202505280821]
> Start GEF Classic GEF (MVC) [org.eclipse.gef 3.22.0.202505280821]
> Start DBeaver ERD UI [org.jkiss.dbeaver.ui.editors.erd 3.1.1.202508031529]
> Start DBeaver ERD Model [org.jkiss.dbeaver.model.erd 1.1.1.202508031529]
2025-11-15 16:39:49.784 - Connect with 'localhost' (mariaDB-19a61f66c80-1c18c6a68eb872d8)
> Start DBeaver JDBC Model [org.jkiss.dbeaver.model.jdbc 1.0.53.202508031529]
> Start DBeaver MySQL Support [org.jkiss.dbeaver.ext.mysql 2.1.245.202508031529]
2025-11-15 16:39:49.854 - Execution context opened (localhost; Main; 0)
> Start DBeaver GIS Support [org.jkiss.dbeaver.data.gis 1.0.184.202508031529]
2025-11-15 16:39:50.105 - Execution context opened (localhost; Metadata; 1)
2025-11-15 16:39:50.224 - Connected (mariaDB-19a61f66c80-1c18c6a68eb872d8, MariaDB Connector/J [3.5.2])
2025-11-15 16:40:17.755 - Object 'seq_test' not found in struct cache ()
2025-11-15 16:40:17.756 - Object 'seq_test' not found in struct cache ()
2025-11-15 16:40:17.756 - Object 'seq_test' not found in struct cache ()
2025-11-15 16:40:17.756 - Object 'seq_test' not found in struct cache ()
2025-11-15 16:40:17.756 - Object 'seq_test' not found in struct cache ()
2025-11-15 16:40:17.756 - Object 'seq_test' not found in struct cache ()
2025-11-15 16:40:17.756 - Object 'seq_test' not found in struct cache ()
2025-11-15 16:40:17.756 - Object 'seq_test' not found in struct cache ()
> Start DBeaver MySQL UI Support [org.jkiss.dbeaver.ext.mysql.ui 1.0.152.202508031529]
> Start DBeaver SQL Terminal [org.jkiss.dbeaver.ui.editors.sql.terminal 1.0.136.202508031529]
> Start DBeaver AI Model [org.jkiss.dbeaver.model.ai 2.0.3.202508031529]
> Start DBeaver AI UI [org.jkiss.dbeaver.ui.ai 1.0.62.202508031529]
> Start Core Compare Support [org.eclipse.compare.core 3.8.700.v20250120-0641]
> Start Console [org.eclipse.ui.console 3.14.300.v20250509-1251]
> Start Debug Core [org.eclipse.debug.core 3.23.0.v20250509-1924]
2025-11-15 16:44:40.110 - Execution context opened (localhost; SQLEditor <Script.sql>; 2)
> Start DBeaver Tasks - Native Tools UI [org.jkiss.dbeaver.tasks.native.ui 1.0.138.202508031529]
> Start DBeaver Tasks - General UI [org.jkiss.dbeaver.tasks.ui 1.0.138.202508031529]
> Start DBeaver SQL Language Semantic Model [org.jkiss.dbeaver.model.lsm 1.0.55.202508031529]
> Start DBeaver Data Transfer [org.jkiss.dbeaver.data.transfer 2.0.144.202508031529]
[ WARN] (DBeaver: Read data [-- 2. 게시글 테이블 생성 (tbl_board)
drop table tbl_board]) Error: 1051-42S02: Unknown table 'board.tbl_board'
2025-11-15 16:46:41.035 - SQL Error [1051] [42S02]: (conn=5) Unknown table 'board.tbl_board'
org.jkiss.dbeaver.model.sql.DBSQLException: SQL Error [1051] [42S02]: (conn=5) Unknown table 'board.tbl_board'
	at org.jkiss.dbeaver.model.impl.jdbc.exec.JDBCStatementImpl.executeStatement(JDBCStatementImpl.java:130)
	at org.jkiss.dbeaver.ui.editors.sql.execute.SQLQueryJob.executeStatement(SQLQueryJob.java:657)
	at org.jkiss.dbeaver.ui.editors.sql.execute.SQLQueryJob.lambda$2(SQLQueryJob.java:550)
	at org.jkiss.dbeaver.model.exec.DBExecUtils.tryExecuteRecover(DBExecUtils.java:189)
	at org.jkiss.dbeaver.ui.editors.sql.execute.SQLQueryJob.executeSingleQuery(SQLQueryJob.java:569)
	at org.jkiss.dbeaver.ui.editors.sql.execute.SQLQueryJob.extractData(SQLQueryJob.java:1043)
	at org.jkiss.dbeaver.ui.editors.sql.SQLEditor$QueryResultsContainer.readData(SQLEditor.java:4552)
	at org.jkiss.dbeaver.ui.controls.resultset.ResultSetJobDataRead.lambda$0(ResultSetJobDataRead.java:128)
	at org.jkiss.dbeaver.model.exec.DBExecUtils.tryExecuteRecover(DBExecUtils.java:189)
	at org.jkiss.dbeaver.ui.controls.resultset.ResultSetJobDataRead.run(ResultSetJobDataRead.java:126)
	at org.jkiss.dbeaver.ui.controls.resultset.ResultSetViewer$ResultSetDataPumpJob.run(ResultSetViewer.java:5161)
	at org.jkiss.dbeaver.model.runtime.AbstractJob.run(AbstractJob.java:119)
	at org.eclipse.core.internal.jobs.Worker.run(Worker.java:63)
Caused by: java.sql.SQLSyntaxErrorException: (conn=5) Unknown table 'board.tbl_board'
	at org.mariadb.jdbc.export.ExceptionFactory.createException(ExceptionFactory.java:289)
	at org.mariadb.jdbc.export.ExceptionFactory.create(ExceptionFactory.java:378)
	at org.mariadb.jdbc.message.ClientMessage.readPacket(ClientMessage.java:187)
	at org.mariadb.jdbc.client.impl.StandardClient.readPacket(StandardClient.java:1347)
	at org.mariadb.jdbc.client.impl.StandardClient.readResults(StandardClient.java:1286)
	at org.mariadb.jdbc.client.impl.StandardClient.readResponse(StandardClient.java:1205)
	at org.mariadb.jdbc.client.impl.StandardClient.execute(StandardClient.java:1129)
	at org.mariadb.jdbc.Statement.executeInternal(Statement.java:1003)
	at org.mariadb.jdbc.Statement.execute(Statement.java:1132)
	at org.mariadb.jdbc.Statement.execute(Statement.java:471)
	at org.jkiss.dbeaver.model.impl.jdbc.exec.JDBCStatementImpl.execute(JDBCStatementImpl.java:344)
	at org.jkiss.dbeaver.model.impl.jdbc.exec.JDBCStatementImpl.executeStatement(JDBCStatementImpl.java:128)
	... 12 more
[ WARN] (DBeaver: Read data [create table tbl_board
(
bno int(10)	,
title varchar(200) not null,
content varchar(20000),
writer varchar(50),
regdate date default sysdate(),
updatedate date default sysdate()
)]) Error: 1074-42000: Column length too big for column 'content' (max = 16383); use BLOB or TEXT instead
2025-11-15 16:50:43.901 - SQL Error [1074] [42000]: (conn=5) Column length too big for column 'content' (max = 16383); use BLOB or TEXT instead
org.jkiss.dbeaver.model.sql.DBSQLException: SQL Error [1074] [42000]: (conn=5) Column length too big for column 'content' (max = 16383); use BLOB or TEXT instead
	at org.jkiss.dbeaver.model.impl.jdbc.exec.JDBCStatementImpl.executeStatement(JDBCStatementImpl.java:130)
	at org.jkiss.dbeaver.ui.editors.sql.execute.SQLQueryJob.executeStatement(SQLQueryJob.java:657)
	at org.jkiss.dbeaver.ui.editors.sql.execute.SQLQueryJob.lambda$2(SQLQueryJob.java:550)
	at org.jkiss.dbeaver.model.exec.DBExecUtils.tryExecuteRecover(DBExecUtils.java:189)
	at org.jkiss.dbeaver.ui.editors.sql.execute.SQLQueryJob.executeSingleQuery(SQLQueryJob.java:569)
	at org.jkiss.dbeaver.ui.editors.sql.execute.SQLQueryJob.extractData(SQLQueryJob.java:1043)
	at org.jkiss.dbeaver.ui.editors.sql.SQLEditor$QueryResultsContainer.readData(SQLEditor.java:4552)
	at org.jkiss.dbeaver.ui.controls.resultset.ResultSetJobDataRead.lambda$0(ResultSetJobDataRead.java:128)
	at org.jkiss.dbeaver.model.exec.DBExecUtils.tryExecuteRecover(DBExecUtils.java:189)
	at org.jkiss.dbeaver.ui.controls.resultset.ResultSetJobDataRead.run(ResultSetJobDataRead.java:126)
	at org.jkiss.dbeaver.ui.controls.resultset.ResultSetViewer$ResultSetDataPumpJob.run(ResultSetViewer.java:5161)
	at org.jkiss.dbeaver.model.runtime.AbstractJob.run(AbstractJob.java:119)
	at org.eclipse.core.internal.jobs.Worker.run(Worker.java:63)
Caused by: java.sql.SQLSyntaxErrorException: (conn=5) Column length too big for column 'content' (max = 16383); use BLOB or TEXT instead
	at org.mariadb.jdbc.export.ExceptionFactory.createException(ExceptionFactory.java:289)
	at org.mariadb.jdbc.export.ExceptionFactory.create(ExceptionFactory.java:378)
	at org.mariadb.jdbc.message.ClientMessage.readPacket(ClientMessage.java:187)
	at org.mariadb.jdbc.client.impl.StandardClient.readPacket(StandardClient.java:1347)
	at org.mariadb.jdbc.client.impl.StandardClient.readResults(StandardClient.java:1286)
	at org.mariadb.jdbc.client.impl.StandardClient.readResponse(StandardClient.java:1205)
	at org.mariadb.jdbc.client.impl.StandardClient.execute(StandardClient.java:1129)
	at org.mariadb.jdbc.Statement.executeInternal(Statement.java:1003)
	at org.mariadb.jdbc.Statement.execute(Statement.java:1132)
	at org.mariadb.jdbc.Statement.execute(Statement.java:471)
	at org.jkiss.dbeaver.model.impl.jdbc.exec.JDBCStatementImpl.execute(JDBCStatementImpl.java:344)
	at org.jkiss.dbeaver.model.impl.jdbc.exec.JDBCStatementImpl.executeStatement(JDBCStatementImpl.java:128)
	... 12 more
2025-11-15 16:52:35.103 - Error while analyzing query text: -- 4. Sample Date 생성
insert into tbl_board()

java.lang.IllegalStateException: Rows data was not resolved yet
	at org.jkiss.dbeaver.model.sql.semantics.model.select.SQLQueryRowsSourceModel.getRowsDataContext(SQLQueryRowsSourceModel.java:52)
	at org.jkiss.dbeaver.model.sql.semantics.model.dml.SQLQueryInsertModel.resolveValueRelations(SQLQueryInsertModel.java:114)
	at org.jkiss.dbeaver.model.sql.semantics.model.SQLQueryModel.resolveRelations(SQLQueryModel.java:73)
	at org.jkiss.dbeaver.model.sql.semantics.SQLQueryModelRecognizer.recognizeQuery(SQLQueryModelRecognizer.java:155)
	at org.jkiss.dbeaver.model.sql.semantics.SQLQueryModelRecognizer.recognizeQuery(SQLQueryModelRecognizer.java:1024)
	at org.jkiss.dbeaver.ui.editors.sql.semantics.SQLBackgroundParsingJob.doWork(SQLBackgroundParsingJob.java:600)
	at org.jkiss.dbeaver.ui.editors.sql.semantics.SQLBackgroundParsingJob$1.run(SQLBackgroundParsingJob.java:85)
	at org.jkiss.dbeaver.model.runtime.AbstractJob.run(AbstractJob.java:119)
	at org.eclipse.core.internal.jobs.Worker.run(Worker.java:63)
[ WARN] (DBeaver: Read data [-- 5. 데이터 확인
select * from tdl_board]) Error: 1146-42S02: Table 'board.tdl_board' doesn't exist
2025-11-15 16:53:49.123 - SQL Error [1146] [42S02]: (conn=5) Table 'board.tdl_board' doesn't exist
org.jkiss.dbeaver.model.sql.DBSQLException: SQL Error [1146] [42S02]: (conn=5) Table 'board.tdl_board' doesn't exist
	at org.jkiss.dbeaver.model.impl.jdbc.exec.JDBCStatementImpl.executeStatement(JDBCStatementImpl.java:130)
	at org.jkiss.dbeaver.ui.editors.sql.execute.SQLQueryJob.executeStatement(SQLQueryJob.java:657)
	at org.jkiss.dbeaver.ui.editors.sql.execute.SQLQueryJob.lambda$2(SQLQueryJob.java:550)
	at org.jkiss.dbeaver.model.exec.DBExecUtils.tryExecuteRecover(DBExecUtils.java:189)
	at org.jkiss.dbeaver.ui.editors.sql.execute.SQLQueryJob.executeSingleQuery(SQLQueryJob.java:569)
	at org.jkiss.dbeaver.ui.editors.sql.execute.SQLQueryJob.extractData(SQLQueryJob.java:1043)
	at org.jkiss.dbeaver.ui.editors.sql.SQLEditor$QueryResultsContainer.readData(SQLEditor.java:4552)
	at org.jkiss.dbeaver.ui.controls.resultset.ResultSetJobDataRead.lambda$0(ResultSetJobDataRead.java:128)
	at org.jkiss.dbeaver.model.exec.DBExecUtils.tryExecuteRecover(DBExecUtils.java:189)
	at org.jkiss.dbeaver.ui.controls.resultset.ResultSetJobDataRead.run(ResultSetJobDataRead.java:126)
	at org.jkiss.dbeaver.ui.controls.resultset.ResultSetViewer$ResultSetDataPumpJob.run(ResultSetViewer.java:5161)
	at org.jkiss.dbeaver.model.runtime.AbstractJob.run(AbstractJob.java:119)
	at org.eclipse.core.internal.jobs.Worker.run(Worker.java:63)
Caused by: java.sql.SQLSyntaxErrorException: (conn=5) Table 'board.tdl_board' doesn't exist
	at org.mariadb.jdbc.export.ExceptionFactory.createException(ExceptionFactory.java:289)
	at org.mariadb.jdbc.export.ExceptionFactory.create(ExceptionFactory.java:378)
	at org.mariadb.jdbc.message.ClientMessage.readPacket(ClientMessage.java:187)
	at org.mariadb.jdbc.client.impl.StandardClient.readPacket(StandardClient.java:1347)
	at org.mariadb.jdbc.client.impl.StandardClient.readResults(StandardClient.java:1286)
	at org.mariadb.jdbc.client.impl.StandardClient.readResponse(StandardClient.java:1205)
	at org.mariadb.jdbc.client.impl.StandardClient.execute(StandardClient.java:1129)
	at org.mariadb.jdbc.Statement.executeInternal(Statement.java:1003)
	at org.mariadb.jdbc.Statement.execute(Statement.java:1132)
	at org.mariadb.jdbc.Statement.execute(Statement.java:471)
	at org.jkiss.dbeaver.model.impl.jdbc.exec.JDBCStatementImpl.execute(JDBCStatementImpl.java:344)
	at org.jkiss.dbeaver.model.impl.jdbc.exec.JDBCStatementImpl.executeStatement(JDBCStatementImpl.java:128)
	... 12 more
2025-11-15 16:53:53.555 - Table 'board.tbl_board' not found in metadata catalog
2025-11-15 16:53:53.555 - Table 'board.tbl_board' not found in metadata catalog
2025-11-15 16:53:53.555 - Table 'board.tbl_board' not found in metadata catalog
2025-11-15 16:53:53.555 - Table 'board.tbl_board' not found in metadata catalog
2025-11-15 16:53:53.555 - Table 'board.tbl_board' not found in metadata catalog
2025-11-15 16:53:53.555 - Table 'board.tbl_board' not found in metadata catalog
2025-11-15 17:35:54.139 - Table 'board.tbl_board' not found in metadata catalog
2025-11-15 17:35:54.139 - Table 'board.tbl_board' not found in metadata catalog
2025-11-15 17:35:54.140 - Table 'board.tbl_board' not found in metadata catalog
2025-11-15 17:35:54.140 - Table 'board.tbl_board' not found in metadata catalog
2025-11-15 17:35:54.140 - Table 'board.tbl_board' not found in metadata catalog
2025-11-15 17:35:54.140 - Table 'board.tbl_board' not found in metadata catalog
2025-11-15 17:38:16.092 - Table 'board.tbl_board' not found in metadata catalog
2025-11-15 17:38:16.092 - Table 'board.tbl_board' not found in metadata catalog
2025-11-15 17:38:16.092 - Table 'board.tbl_board' not found in metadata catalog
2025-11-15 17:38:16.092 - Table 'board.tbl_board' not found in metadata catalog
2025-11-15 17:38:16.092 - Table 'board.tbl_board' not found in metadata catalog
2025-11-15 17:38:16.092 - Table 'board.tbl_board' not found in metadata catalog
2025-11-15 17:39:30.371 - Execution context closed (localhost, 2)
2025-11-15 17:39:30.717 - Dispose navigator model
2025-11-15 17:39:30.757 - DBeaver is stopping
2025-11-15 17:39:30.759 - Stop instance server
2025-11-15 17:39:31.765 - Instance server has been stopped
2025-11-15 17:39:31.766 - DBeaver shutdown completed
