2025-11-09 14:16:49.149 - DBeaver 25.1.4.202508031529 is starting
2025-11-09 14:16:49.155 - OS: Windows 11 10.0 (amd64)
2025-11-09 14:16:49.156 - Java version: 21.0.5 by Eclipse Adoptium (64bit)
2025-11-09 14:16:49.158 - Install path: 'C:\1400_web_nhs\devtools\dbeaver'
2025-11-09 14:16:49.159 - Instance path: 'file:/C:/1400_web_nhs/06_spring/db/'
2025-11-09 14:16:49.166 - Memory available 64Mb/1024Mb
2025-11-09 14:16:49.217 - Create display
2025-11-09 14:16:49.850 - Initialize desktop platform...
2025-11-09 14:16:50.604 - BounceCastle bundle found. Use JCE provider BC
> Start Core File Systems [org.eclipse.core.filesystem 1.11.200.v20250513-1234]
> Start Core Resource Management [org.eclipse.core.resources 3.22.200.v20250513-1234]
> Start DBeaver UI Navigator [org.jkiss.dbeaver.ui.navigator 1.0.160.202508031529]
> Start Team Support Core [org.eclipse.team.core 3.10.700.v20250313-0656]
2025-11-09 14:16:51.913 - Initialize base platform...
2025-11-09 14:16:52.028 - Platform initialized (2177ms)
2025-11-09 14:16:56.099 - Starting instance server at http://localhost:52957
2025-11-09 14:16:56.283 - Run workbench
> Start Eclipse e4 Workbench SWT [org.eclipse.e4.ui.workbench.swt 0.17.800.v20250422-1254]
> Start Eclipse Application Services [org.eclipse.e4.core.services 2.5.200.v20250326-1945]
> Start Eclipse UI Application Services [org.eclipse.e4.ui.services 1.6.500.v20250123-0754]
> Start Eclipse e4 Progress View [org.eclipse.e4.ui.progress 0.4.800.v20250422-1254]
> Start Eclipse Bindings Support [org.eclipse.e4.ui.bindings 0.14.600.v20250331-1050]
> Start Eclipse e4 core commands [org.eclipse.e4.core.commands 1.1.600.v20250307-1331]
> Start EMF XML/XMI Persistence [org.eclipse.emf.ecore.xmi 2.39.0.v20250414-1351]
> Start Eclipse CSS SWT Theme Support [org.eclipse.e4.ui.css.swt.theme 0.14.500.v20250213-1508]
> Start Eclipse e4 Workbench Add-ons [org.eclipse.e4.ui.workbench.addons.swt 1.5.700.v20250422-1254]
> Start Eclipse e4 Workbench SWT Renderer [org.eclipse.e4.ui.workbench.renderers.swt 0.16.800.v20250519-1609]
> Start Eclipse Dependency Injection Extensions [org.eclipse.e4.core.di.extensions 0.18.300.v20240413-1529]
> Start Eclipse CSS SWT Support [org.eclipse.e4.ui.css.swt 0.15.600.v20250409-1135]
> Start Default Text Editor [org.eclipse.ui.editors 3.20.0.v20250514-1719]
> Start Text Editor Framework [org.eclipse.ui.workbench.texteditor 3.19.200.v20250514-1719]
2025-11-09 14:18:16.967 - Configure workbench window
> Start DBeaver SQL Model [org.jkiss.dbeaver.model.sql 1.0.150.202508031529]
2025-11-09 14:18:17.610 - Total database drivers: 124 (124)
> Start Help System Core [org.eclipse.help 3.10.500.v20250423-1201]
2025-11-09 14:18:17.733 - Create actions
2025-11-09 14:18:17.758 - Disable Eclipse action set 'org.eclipse.ui.edit.text.actionSet.annotationNavigation'
2025-11-09 14:18:17.759 - Disable Eclipse action set 'org.eclipse.ui.WorkingSetActionSet'
2025-11-09 14:18:17.760 - Disable Eclipse action set 'org.eclipse.ui.actionSet.openFiles'
2025-11-09 14:18:17.761 - Create workbench actions
2025-11-09 14:18:20.006 - Initialize workbench window
2025-11-09 14:18:20.031 - Finish initialization
> Start DBeaver UI Editors - Data [org.jkiss.dbeaver.ui.editors.data 1.0.160.202508031529]
> Start Equinox Java Authentication and Authorization Service (JAAS) [org.eclipse.equinox.security 1.4.600.v20250521-0413]
> Start Internet Connection Management UI [org.eclipse.ui.net 1.5.400.v20240413-1529]
> Start Internet Connection Management [org.eclipse.core.net 1.5.700.v20250313-0656]
> Start DBeaver UI Editors - SQL [org.jkiss.dbeaver.ui.editors.sql 1.0.160.202508031529]
> Start DBeaver Sample Database [org.jkiss.dbeaver.ui.config.sample 1.0.197.202508031529]
2025-11-09 14:18:31.128 - Open [https://dbeaver.io/product/version.xml]
> Start DBeaver Dashboard UI [org.jkiss.dbeaver.ui.dashboard 1.0.157.202508031529]
> Start GEF Classic Draw2d [org.eclipse.draw2d 3.20.0.202505280821]
> Start GEF Classic GEF (MVC) [org.eclipse.gef 3.22.0.202505280821]
> Start DBeaver ERD UI [org.jkiss.dbeaver.ui.editors.erd 3.1.1.202508031529]
> Start DBeaver ERD Model [org.jkiss.dbeaver.model.erd 1.1.1.202508031529]
2025-11-09 14:21:22.410 - Connect with 'localhost' (mariaDB-19a61f66c80-1c18c6a68eb872d8)
> Start DBeaver JDBC Model [org.jkiss.dbeaver.model.jdbc 1.0.53.202508031529]
> Start DBeaver MySQL Support [org.jkiss.dbeaver.ext.mysql 2.1.245.202508031529]
2025-11-09 14:21:22.463 - Execution context opened (localhost; Main; 0)
> Start DBeaver GIS Support [org.jkiss.dbeaver.data.gis 1.0.184.202508031529]
2025-11-09 14:21:22.692 - Execution context opened (localhost; Metadata; 1)
2025-11-09 14:21:22.998 - Connected (mariaDB-19a61f66c80-1c18c6a68eb872d8, MariaDB Connector/J [3.5.2])
2025-11-09 14:33:19.985 - Dispose navigator model
2025-11-09 14:33:20.113 - DBeaver is stopping
2025-11-09 14:33:20.114 - Stop instance server
2025-11-09 14:33:21.127 - DBeaver shutdown completed
