2025-11-08 14:34:45.623 - DBeaver 25.1.4.202508031529 is starting
2025-11-08 14:34:45.628 - OS: Windows 11 10.0 (amd64)
2025-11-08 14:34:45.629 - Java version: 21.0.5 by Eclipse Adoptium (64bit)
2025-11-08 14:34:45.630 - Install path: 'C:\1400_web_nhs\devtools\dbeaver'
2025-11-08 14:34:45.631 - Instance path: 'file:/C:/1400_web_nhs/06_spring/db/'
2025-11-08 14:34:45.636 - Memory available 64Mb/1024Mb
2025-11-08 14:34:45.658 - Create display
> Start Eclipse IDE UI [org.eclipse.ui.ide 3.22.600.v20250523-1502]
2025-11-08 14:34:46.089 - Initialize desktop platform...
2025-11-08 14:34:46.414 - BounceCastle bundle found. Use JCE provider BC
> Start Core File Systems [org.eclipse.core.filesystem 1.11.200.v20250513-1234]
> Start Core Resource Management [org.eclipse.core.resources 3.22.200.v20250513-1234]
> Start Team Support Core [org.eclipse.team.core 3.10.700.v20250313-0656]
> Start DBeaver UI Navigator [org.jkiss.dbeaver.ui.navigator 1.0.160.202508031529]
2025-11-08 14:34:47.129 - Initialize base platform...
2025-11-08 14:34:47.213 - Platform initialized (1124ms)
2025-11-08 14:34:47.226 - Failed to patch workbench save file: C:\1400_web_nhs\06_spring\db\.metadata\.plugins\org.eclipse.e4.workbench\workbench.xmi
java.io.FileNotFoundException: C:\1400_web_nhs\06_spring\db\.metadata\.plugins\org.eclipse.e4.workbench\workbench.xmi (지정된 경로를 찾을 수 없습니다)
	at java.base/java.io.FileInputStream.open0(Native Method)
	at java.base/java.io.FileInputStream.open(Unknown Source)
	at java.base/java.io.FileInputStream.<init>(Unknown Source)
	at java.base/java.io.FileInputStream.<init>(Unknown Source)
	at java.base/sun.net.www.protocol.file.FileURLConnection.connect(Unknown Source)
	at java.base/sun.net.www.protocol.file.FileURLConnection.getInputStream(Unknown Source)
	at java.xml/com.sun.org.apache.xerces.internal.impl.XMLEntityManager.setupCurrentEntity(Unknown Source)
	at java.xml/com.sun.org.apache.xerces.internal.impl.XMLVersionDetector.determineDocVersion(Unknown Source)
	at java.xml/com.sun.org.apache.xerces.internal.parsers.XML11Configuration.parse(Unknown Source)
	at java.xml/com.sun.org.apache.xerces.internal.parsers.XML11Configuration.parse(Unknown Source)
	at java.xml/com.sun.org.apache.xerces.internal.parsers.XMLParser.parse(Unknown Source)
	at java.xml/com.sun.org.apache.xerces.internal.parsers.DOMParser.parse(Unknown Source)
	at java.xml/com.sun.org.apache.xerces.internal.jaxp.DocumentBuilderImpl.parse(Unknown Source)
	at java.xml/javax.xml.parsers.DocumentBuilder.parse(Unknown Source)
	at org.jkiss.dbeaver.ui.app.standalone.internal.WorkbenchPatcher.patchWorkbenchXmi(WorkbenchPatcher.java:86)
	at org.jkiss.dbeaver.ui.app.standalone.internal.WorkbenchPatcher.patchWorkbenchXmi(WorkbenchPatcher.java:75)
	at org.jkiss.dbeaver.ui.app.standalone.DBeaverApplication.start(DBeaverApplication.java:287)
	at org.eclipse.equinox.internal.app.EclipseAppHandle.run(EclipseAppHandle.java:219)
	at org.eclipse.core.runtime.internal.adaptor.EclipseAppLauncher.runApplication(EclipseAppLauncher.java:149)
	at org.eclipse.core.runtime.internal.adaptor.EclipseAppLauncher.start(EclipseAppLauncher.java:115)
	at org.eclipse.core.runtime.adaptor.EclipseStarter.run(EclipseStarter.java:467)
	at org.eclipse.core.runtime.adaptor.EclipseStarter.run(EclipseStarter.java:298)
	at java.base/jdk.internal.reflect.DirectMethodHandleAccessor.invoke(Unknown Source)
	at java.base/java.lang.reflect.Method.invoke(Unknown Source)
	at org.jkiss.dbeaver.launcher.DBeaverLauncher.invokeFramework(DBeaverLauncher.java:869)
	at org.jkiss.dbeaver.launcher.DBeaverLauncher.basicRun(DBeaverLauncher.java:660)
	at org.jkiss.dbeaver.launcher.DBeaverLauncher.run(DBeaverLauncher.java:1650)
2025-11-08 14:34:47.378 - Starting instance server at http://localhost:53322
2025-11-08 14:34:47.412 - Run workbench
> Start Eclipse e4 Workbench SWT [org.eclipse.e4.ui.workbench.swt 0.17.800.v20250422-1254]
> Start Eclipse Application Services [org.eclipse.e4.core.services 2.5.200.v20250326-1945]
> Start Eclipse UI Application Services [org.eclipse.e4.ui.services 1.6.500.v20250123-0754]
> Start Eclipse e4 Progress View [org.eclipse.e4.ui.progress 0.4.800.v20250422-1254]
> Start Eclipse Bindings Support [org.eclipse.e4.ui.bindings 0.14.600.v20250331-1050]
> Start Eclipse e4 core commands [org.eclipse.e4.core.commands 1.1.600.v20250307-1331]
> Start EMF XML/XMI Persistence [org.eclipse.emf.ecore.xmi 2.39.0.v20250414-1351]
> Start Eclipse CSS SWT Theme Support [org.eclipse.e4.ui.css.swt.theme 0.14.500.v20250213-1508]
> Start Eclipse e4 Workbench Add-ons [org.eclipse.e4.ui.workbench.addons.swt 1.5.700.v20250422-1254]
> Start Eclipse e4 Workbench SWT Renderer [org.eclipse.e4.ui.workbench.renderers.swt 0.16.800.v20250519-1609]
> Start Eclipse Dependency Injection Extensions [org.eclipse.e4.core.di.extensions 0.18.300.v20240413-1529]
> Start Eclipse CSS SWT Support [org.eclipse.e4.ui.css.swt 0.15.600.v20250409-1135]
2025-11-08 14:34:50.371 - Configure workbench window
> Start DBeaver SQL Model [org.jkiss.dbeaver.model.sql 1.0.150.202508031529]
2025-11-08 14:34:50.831 - Total database drivers: 124 (124)
> Start Help System Core [org.eclipse.help 3.10.500.v20250423-1201]
> Start Default Text Editor [org.eclipse.ui.editors 3.20.0.v20250514-1719]
> Start Text Editor Framework [org.eclipse.ui.workbench.texteditor 3.19.200.v20250514-1719]
2025-11-08 14:34:51.092 - Create actions
2025-11-08 14:34:51.129 - Disable Eclipse action set 'org.eclipse.ui.edit.text.actionSet.annotationNavigation'
2025-11-08 14:34:51.130 - Disable Eclipse action set 'org.eclipse.ui.WorkingSetActionSet'
2025-11-08 14:34:51.131 - Disable Eclipse action set 'org.eclipse.ui.actionSet.openFiles'
2025-11-08 14:34:51.131 - Create workbench actions
2025-11-08 14:34:54.492 - Initialize workbench window
2025-11-08 14:34:54.498 - Finish initialization
> Start DBeaver UI Editors - Data [org.jkiss.dbeaver.ui.editors.data 1.0.160.202508031529]
> Start Equinox Java Authentication and Authorization Service (JAAS) [org.eclipse.equinox.security 1.4.600.v20250521-0413]
> Start Internet Connection Management UI [org.eclipse.ui.net 1.5.400.v20240413-1529]
> Start Internet Connection Management [org.eclipse.core.net 1.5.700.v20250313-0656]
2025-11-08 14:34:55.004 - Resetting perspective due to the version change ( -> 25.1.2)
> Start DBeaver UI Editors - SQL [org.jkiss.dbeaver.ui.editors.sql 1.0.160.202508031529]
> Start DBeaver Tasks View [org.jkiss.dbeaver.tasks.ui.view 1.0.109.202508031529]
> Start DBeaver Dashboard UI [org.jkiss.dbeaver.ui.dashboard 1.0.157.202508031529]
> Start GEF Classic Draw2d [org.eclipse.draw2d 3.20.0.202505280821]
> Start GEF Classic GEF (MVC) [org.eclipse.gef 3.22.0.202505280821]
> Start DBeaver ERD UI [org.jkiss.dbeaver.ui.editors.erd 3.1.1.202508031529]
> Start DBeaver ERD Model [org.jkiss.dbeaver.model.erd 1.1.1.202508031529]
> Start DBeaver Sample Database [org.jkiss.dbeaver.ui.config.sample 1.0.197.202508031529]
2025-11-08 14:35:02.902 - Open [https://dbeaver.io/product/version.xml]
> Start DBeaver MySQL UI Support [org.jkiss.dbeaver.ext.mysql.ui 1.0.152.202508031529]
> Start DBeaver JDBC Model [org.jkiss.dbeaver.model.jdbc 1.0.53.202508031529]
> Start DBeaver MySQL Support [org.jkiss.dbeaver.ext.mysql 2.1.245.202508031529]
2025-11-08 14:35:31.098 - Service 'org.jkiss.dbeaver.ui.UIServiceConnectionEditor' not found
2025-11-08 14:35:31.332 - Service 'org.jkiss.dbeaver.runtime.ui.UIServiceSecurity' not found
2025-11-08 14:36:56.775 - Open [https://repo1.maven.org/maven2/org/mariadb/jdbc/mariadb-java-client/3.5.2/mariadb-java-client-3.5.2.pom]
2025-11-08 14:36:57.311 - Open [https://repo1.maven.org/maven2/org/junit/junit-bom/5.7.0/junit-bom-5.7.0.pom]
2025-11-08 14:36:57.495 - Open [https://repo1.maven.org/maven2/software/amazon/awssdk/bom/2.21.1/bom-2.21.1.pom]
2025-11-08 14:36:57.624 - Open [https://repo1.maven.org/maven2/software/amazon/awssdk/aws-sdk-java-pom/2.21.1/aws-sdk-java-pom-2.21.1.pom]
2025-11-08 14:37:04.617 - Open [https://repo1.maven.org/maven2/org/mariadb/jdbc/mariadb-java-client/3.5.2/mariadb-java-client-3.5.2.jar]
2025-11-08 14:37:05.442 - Connect with 'localhost' (mariaDB-19a61f66c80-1c18c6a68eb872d8)
2025-11-08 14:37:05.505 - Execution context opened (localhost; Main; 0)
> Start DBeaver GIS Support [org.jkiss.dbeaver.data.gis 1.0.184.202508031529]
2025-11-08 14:37:05.794 - Execution context opened (localhost; Metadata; 1)
2025-11-08 14:37:05.900 - Connected (mariaDB-19a61f66c80-1c18c6a68eb872d8, MariaDB Connector/J [3.5.2])
> Start DBeaver Tasks - General UI [org.jkiss.dbeaver.tasks.ui 1.0.138.202508031529]
2025-11-08 14:37:51.729 - Object 'seq_test' not found in struct cache ()
2025-11-08 14:37:51.730 - Object 'seq_test' not found in struct cache ()
2025-11-08 14:37:51.730 - Object 'seq_test' not found in struct cache ()
2025-11-08 14:37:51.730 - Object 'seq_test' not found in struct cache ()
2025-11-08 14:37:51.730 - Object 'seq_test' not found in struct cache ()
2025-11-08 14:37:51.731 - Object 'seq_test' not found in struct cache ()
2025-11-08 14:37:51.731 - Object 'seq_test' not found in struct cache ()
2025-11-08 14:37:51.731 - Object 'seq_test' not found in struct cache ()
> Start Data Transfer UI [org.jkiss.dbeaver.data.transfer.ui 1.0.144.202508031529]
2025-11-08 14:39:10.416 - Service 'org.jkiss.dbeaver.ui.UIServiceConnectionEditor' not found
2025-11-08 14:39:10.550 - Service 'org.jkiss.dbeaver.runtime.ui.UIServiceSecurity' not found
> Start DBeaver Data Transfer [org.jkiss.dbeaver.data.transfer 2.0.144.202508031529]
2025-11-08 17:47:38.234 - Dispose navigator model
2025-11-08 17:47:38.264 - DBeaver is stopping
2025-11-08 17:47:38.265 - Stop instance server
2025-11-08 17:47:39.277 - DBeaver shutdown completed
2025-11-08 17:47:39.277 - Instance server has been stopped
